BOT_T871,MSFT,316,536.14,PENDING
BOT_T872,AAPL,688,1248.29,PENDING
BOT_T870,TSLA,815,2381.17,PENDING
BOT_T875,AAPL,149,2178.34,PENDING
BOT_T876,GOOGL,76,1786.55,PENDING
BOT_T873,TCS,468,2508.48,PENDING
BOT_T874,RELIANCE,64,2768.59,PENDING
BOT_T879,TSLA,593,2949.98,PENDING
BOT_T877,TCS,76,2716.73,PENDING
BOT_T878,RELIANCE,856,2267.31,PENDING
BOT_T1280,JPMC,71,873.58,PENDING
BOT_T1281,GOOGL,807,2728.19,PENDING
BOT_T1282,GOOGL,218,647.32,PENDING
BOT_T1283,GOOGL,601,459.1,PENDING
BOT_T1284,AAPL,792,975.8,PENDING
BOT_T1285,MSFT,542,2184.56,PENDING
BOT_T1286,RELIANCE,931,124.33,PENDING
BOT_T1287,AAPL,134,389.06,PENDING
BOT_T1288,AAPL,644,340.03,PENDING
BOT_T1289,GOOGL,295,1480.27,PENDING
BOT_T882,JPMC,994,2777.06,PENDING
BOT_T883,RELIANCE,809,1019.55,PENDING
BOT_T880,TCS,137,2472.34,PENDING
BOT_T881,MSFT,992,2526.27,PENDING
BOT_T402,TSLA,701,756.21,PENDING
BOT_T886,GOOGL,63,2849.68,PENDING
BOT_T403,AAPL,930,100.11,PENDING
BOT_T887,TSLA,887,2664.6,PENDING
BOT_T400,TSLA,989,2798.58,PENDING
BOT_T884,JPMC,217,2670.61,PENDING
BOT_T401,TSLA,181,1357.36,PENDING
BOT_T885,JPMC,743,785.45,PENDING
BOT_T406,JPMC,890,1935.02,PENDING
BOT_T407,GOOGL,476,1675.7,PENDING
BOT_T404,JPMC,369,2572.27,PENDING
BOT_T888,RELIANCE,660,371.33,PENDING
BOT_T405,JPMC,206,2054.5,PENDING
BOT_T889,TSLA,690,1399.97,PENDING
BOT_T1290,RELIANCE,487,898.51,PENDING
BOT_T1291,TSLA,916,2294.77,PENDING
BOT_T1292,GOOGL,973,1131.54,PENDING
BOT_T1293,JPMC,356,2750.87,PENDING
BOT_T1294,MSFT,109,709.81,PENDING
BOT_T1295,JPMC,633,2428.98,PENDING
BOT_T1296,AAPL,30,845.07,PENDING
BOT_T1297,GOOGL,52,2682.24,PENDING
BOT_T1298,JPMC,169,1209.96,PENDING
BOT_T1299,AAPL,168,1372.75,PENDING
BOT_T850,TSLA,930,1980.55,PENDING
BOT_T853,RELIANCE,963,1603.29,PENDING
BOT_T854,JPMC,240,2369.23,PENDING
BOT_T851,JPMC,561,853.08,PENDING
BOT_T852,GOOGL,73,100.88,PENDING
BOT_T857,GOOGL,388,1083.38,PENDING
BOT_T858,GOOGL,705,214.53,PENDING
BOT_T855,TCS,748,1077.53,PENDING
BOT_T856,TCS,722,2012.99,PENDING
BOT_T848,TSLA,526,2477.72,PENDING
BOT_T849,TCS,261,776.09,PENDING
BOT_T860,TSLA,640,1828.61,PENDING
BOT_T861,TSLA,972,415.98,PENDING
BOT_T864,GOOGL,983,2468.22,PENDING
BOT_T865,AAPL,728,1444.63,PENDING
BOT_T862,MSFT,191,2942.83,PENDING
BOT_T863,JPMC,995,178.12,PENDING
BOT_T868,RELIANCE,624,518.42,PENDING
BOT_T869,TCS,899,537.35,PENDING
BOT_T866,MSFT,307,2709.69,PENDING
BOT_T867,AAPL,966,2160.47,PENDING
BOT_T859,MSFT,144,2085.1,PENDING
BOT_T1236,GOOGL,437,1501.27,PENDING
BOT_T1237,GOOGL,278,1640.15,PENDING
BOT_T1238,RELIANCE,597,2452.5,PENDING
BOT_T1239,MSFT,417,2280.69,PENDING
BOT_T831,GOOGL,915,375.99,PENDING
BOT_T832,GOOGL,276,1034.73,PENDING
BOT_T830,JPMC,114,2026.06,PENDING
BOT_T835,MSFT,723,1068.96,PENDING
BOT_T836,JPMC,566,651.07,PENDING
BOT_T833,JPMC,601,1877.47,PENDING
BOT_T834,AAPL,955,1507.16,PENDING
BOT_T828,RELIANCE,408,1093.01,PENDING
BOT_T829,GOOGL,899,1216.17,PENDING
BOT_T826,GOOGL,283,2056.7,PENDING
BOT_T827,MSFT,326,2641.03,PENDING
BOT_T1240,RELIANCE,183,2563.7,PENDING
BOT_T1241,MSFT,133,510.19,PENDING
BOT_T1242,RELIANCE,50,2471.37,PENDING
BOT_T1243,TCS,850,2570.97,PENDING
BOT_T1244,MSFT,678,1668.0,PENDING
BOT_T1245,TSLA,515,2788.59,PENDING
BOT_T1246,TSLA,40,350.87,PENDING
BOT_T1247,GOOGL,696,332.49,PENDING
BOT_T1248,GOOGL,123,1637.59,PENDING
BOT_T1249,TSLA,21,744.35,PENDING
BOT_T842,GOOGL,523,1480.89,PENDING
BOT_T843,TCS,414,2679.69,PENDING
BOT_T840,RELIANCE,642,2179.65,PENDING
BOT_T841,AAPL,126,2493.87,PENDING
BOT_T846,TSLA,271,1926.29,PENDING
BOT_T847,GOOGL,408,2162.17,PENDING
BOT_T844,TCS,760,1923.91,PENDING
BOT_T845,GOOGL,434,274.74,PENDING
BOT_T839,MSFT,116,1952.12,PENDING
BOT_T837,TCS,273,2809.8,PENDING
BOT_T838,RELIANCE,573,100.12,PENDING
BOT_T1250,TSLA,386,2626.89,PENDING
BOT_T1251,GOOGL,638,238.47,PENDING
BOT_T1252,TSLA,178,917.48,PENDING
BOT_T1253,MSFT,560,2008.89,PENDING
BOT_T1254,TCS,986,299.88,PENDING
BOT_T1255,TSLA,265,575.61,PENDING
BOT_T1256,MSFT,572,2685.85,PENDING
BOT_T1257,MSFT,860,1787.44,PENDING
BOT_T1258,TSLA,591,2299.63,PENDING
BOT_T1259,RELIANCE,750,1074.56,PENDING
BOT_T810,GOOGL,890,608.7,PENDING
BOT_T813,TSLA,227,2401.71,PENDING
BOT_T814,AAPL,341,1704.8,PENDING
BOT_T811,TCS,129,1943.2,PENDING
BOT_T812,MSFT,12,405.72,PENDING
BOT_T806,TCS,482,1912.17,PENDING
BOT_T807,TSLA,922,1258.87,PENDING
BOT_T804,TCS,394,150.55,PENDING
BOT_T805,GOOGL,512,2096.54,PENDING
BOT_T808,TCS,938,1718.34,PENDING
BOT_T809,TCS,556,1258.52,PENDING
BOT_T1260,AAPL,645,773.93,PENDING
BOT_T1261,RELIANCE,241,2336.06,PENDING
BOT_T1262,RELIANCE,324,266.41,PENDING
BOT_T1263,TSLA,654,1448.93,PENDING
BOT_T1264,RELIANCE,49,1310.23,PENDING
BOT_T1265,MSFT,626,268.88,PENDING
BOT_T1266,AAPL,672,2871.85,PENDING
BOT_T1267,TSLA,138,1177.21,PENDING
BOT_T1268,TCS,859,482.42,PENDING
BOT_T1269,JPMC,743,2535.16,PENDING
BOT_T820,TSLA,187,1147.23,PENDING
BOT_T821,TSLA,513,1810.49,PENDING
BOT_T824,JPMC,944,2400.24,PENDING
BOT_T825,TCS,714,2792.5,PENDING
BOT_T822,TCS,644,2077.37,PENDING
BOT_T823,TSLA,162,2743.53,PENDING
BOT_T817,AAPL,137,1743.85,PENDING
BOT_T818,RELIANCE,889,2205.03,PENDING
BOT_T815,RELIANCE,785,2941.01,PENDING
BOT_T816,MSFT,419,2778.97,PENDING
BOT_T819,MSFT,453,320.5,PENDING
BOT_T1270,JPMC,904,648.57,PENDING
BOT_T1271,AAPL,248,140.94,PENDING
BOT_T1272,TCS,344,2968.68,PENDING
BOT_T1273,JPMC,522,672.19,PENDING
BOT_T1274,GOOGL,527,1918.73,PENDING
BOT_T1275,TSLA,461,1376.95,PENDING
BOT_T1276,RELIANCE,78,787.96,PENDING
BOT_T1277,TCS,140,2647.69,PENDING
BOT_T1278,TSLA,569,2547.37,PENDING
BOT_T1279,RELIANCE,475,1236.31,PENDING
BOT_T802,GOOGL,110,1112.62,PENDING
BOT_T803,TCS,668,268.09,PENDING
BOT_T800,JPMC,122,2411.94,PENDING
BOT_T801,GOOGL,384,2470.97,PENDING
BOT_T1600,JPMC,893,2964.32,PENDING
BOT_T1601,MSFT,176,567.01,PENDING
BOT_T1602,MSFT,464,241.11,PENDING
BOT_T1603,TCS,127,2073.72,PENDING
BOT_T1604,RELIANCE,176,1954.45,PENDING
BOT_T1605,AAPL,170,1399.93,PENDING
BOT_T1606,AAPL,313,1282.12,PENDING
BOT_T1607,MSFT,318,2025.63,PENDING
BOT_T1608,RELIANCE,835,1356.81,PENDING
BOT_T1609,MSFT,311,2557.77,PENDING
BOT_T1610,TSLA,758,2585.3,PENDING
BOT_T1611,JPMC,307,1350.73,PENDING
BOT_T1612,JPMC,736,1552.12,PENDING
BOT_T1613,RELIANCE,752,371.76,PENDING
BOT_T1614,RELIANCE,553,237.69,PENDING
BOT_T1615,GOOGL,296,1567.59,PENDING
BOT_T1616,TCS,556,2360.07,PENDING
BOT_T1617,JPMC,989,209.0,PENDING
BOT_T1618,JPMC,562,186.26,PENDING
BOT_T1619,JPMC,849,2519.41,PENDING
BOT_T1620,GOOGL,202,2196.8,PENDING
BOT_T1621,TCS,546,1679.48,PENDING
BOT_T1622,JPMC,142,2301.95,PENDING
BOT_T1623,AAPL,337,2482.73,PENDING
BOT_T1624,TSLA,792,2821.24,PENDING
BOT_T1625,AAPL,485,2641.55,PENDING
BOT_T1626,TCS,68,908.03,PENDING
BOT_T1627,TCS,20,550.45,PENDING
BOT_T1628,GOOGL,357,2605.13,PENDING
BOT_T1629,GOOGL,903,1544.07,PENDING
T99,GOOGLE,100,500.0,PENDING
BOT_T1630,TCS,646,326.37,PENDING
BOT_T1631,JPMC,284,908.59,PENDING
BOT_T394,RELIANCE,635,845.27,PENDING
BOT_T395,JPMC,791,2751.35,PENDING
BOT_T392,JPMC,291,2001.58,PENDING
BOT_T393,TCS,325,1963.68,PENDING
BOT_T398,MSFT,33,1208.09,PENDING
BOT_T399,TSLA,763,2654.27,PENDING
BOT_T396,GOOGL,480,171.53,PENDING
BOT_T397,AAPL,950,1243.93,PENDING
BOT_T390,JPMC,811,758.16,PENDING
BOT_T391,TSLA,525,2244.12,PENDING
BOT_T372,RELIANCE,492,936.72,PENDING
BOT_T373,MSFT,552,2154.91,PENDING
BOT_T370,TSLA,785,1916.99,PENDING
BOT_T371,TCS,153,2233.22,PENDING
BOT_T376,GOOGL,497,1099.62,PENDING
BOT_T377,TSLA,998,2179.85,PENDING
BOT_T374,TSLA,523,1615.74,PENDING
BOT_T375,GOOGL,963,156.87,PENDING
BOT_T378,TSLA,446,574.07,PENDING
BOT_T379,MSFT,705,1445.41,PENDING
BOT_T1,AAPL,685,873.36,PENDING
BOT_T2,TCS,279,368.82,PENDING
BOT_T3,JPMC,597,513.23,PENDING
BOT_T4,GOOGL,40,1207.7,PENDING
BOT_T5,GOOGL,630,1797.9,PENDING
BOT_T6,MSFT,491,1592.9,PENDING
BOT_T7,JPMC,152,2245.87,PENDING
BOT_T8,GOOGL,323,1275.46,PENDING
BOT_T9,MSFT,589,437.5,PENDING
BOT_T383,TSLA,740,190.72,PENDING
BOT_T384,TSLA,465,2435.33,PENDING
BOT_T381,MSFT,673,728.45,PENDING
BOT_T382,MSFT,651,2140.79,PENDING
BOT_T387,MSFT,40,2193.51,PENDING
BOT_T388,TSLA,852,590.45,PENDING
BOT_T385,AAPL,332,2292.68,PENDING
BOT_T386,TSLA,828,1929.34,PENDING
BOT_T389,GOOGL,308,2893.84,PENDING
BOT_T380,AAPL,403,2119.64,PENDING
BOT_T350,RELIANCE,403,1341.52,PENDING
BOT_T1676,GOOGL,959,832.56,PENDING
BOT_T351,MSFT,864,295.62,PENDING
BOT_T1677,JPMC,961,2016.17,PENDING
BOT_T1678,TCS,739,1478.27,PENDING
BOT_T1679,TCS,467,1697.72,PENDING
BOT_T354,TSLA,476,269.79,PENDING
BOT_T355,TCS,559,1055.18,PENDING
BOT_T352,TCS,350,1040.27,PENDING
BOT_T353,RELIANCE,309,2019.19,PENDING
BOT_T358,GOOGL,686,1380.71,PENDING
BOT_T359,JPMC,540,1676.48,PENDING
BOT_T356,GOOGL,870,2845.12,PENDING
BOT_T357,AAPL,393,2161.55,PENDING
BOT_T1680,GOOGL,185,2156.61,PENDING
BOT_T1681,RELIANCE,628,710.99,PENDING
BOT_T1682,TSLA,328,2068.19,PENDING
BOT_T1683,MSFT,104,2274.92,PENDING
BOT_T1200,GOOGL,526,2951.69,PENDING
BOT_T1684,JPMC,62,1255.66,PENDING
BOT_T1201,JPMC,459,363.31,PENDING
BOT_T1685,MSFT,598,1798.36,PENDING
BOT_T1202,AAPL,370,801.91,PENDING
BOT_T1686,AAPL,951,1379.56,PENDING
BOT_T1203,RELIANCE,619,1645.76,PENDING
BOT_T361,RELIANCE,230,1978.54,PENDING
BOT_T1687,GOOGL,522,200.18,PENDING
BOT_T1204,AAPL,874,1659.25,PENDING
BOT_T362,JPMC,957,222.52,PENDING
BOT_T1688,AAPL,221,385.26,PENDING
BOT_T1205,GOOGL,647,192.42,PENDING
BOT_T1689,RELIANCE,684,2742.72,PENDING
BOT_T1206,MSFT,867,2348.27,PENDING
BOT_T360,JPMC,392,1710.38,PENDING
BOT_T1207,MSFT,743,1590.69,PENDING
BOT_T365,JPMC,603,405.59,PENDING
BOT_T366,AAPL,688,797.79,PENDING
BOT_T1208,TSLA,555,1060.17,PENDING
BOT_T363,JPMC,100,1850.91,PENDING
BOT_T1209,JPMC,357,2473.51,PENDING
BOT_T364,MSFT,629,639.51,PENDING
BOT_T369,AAPL,520,715.2,PENDING
BOT_T367,JPMC,380,2956.3,PENDING
BOT_T368,TSLA,31,2039.47,PENDING
BOT_T1690,TCS,929,369.81,PENDING
BOT_T1691,MSFT,177,1213.89,PENDING
BOT_T1692,RELIANCE,903,2800.97,PENDING
BOT_T1693,TCS,933,1413.49,PENDING
BOT_T1210,GOOGL,236,2010.66,PENDING
BOT_T1694,TCS,751,487.43,PENDING
BOT_T1211,AAPL,583,901.01,PENDING
BOT_T1695,RELIANCE,229,1030.36,PENDING
BOT_T1212,AAPL,222,885.3,PENDING
BOT_T1696,AAPL,708,577.99,PENDING
BOT_T1213,MSFT,829,2175.66,PENDING
BOT_T1697,RELIANCE,253,2174.4,PENDING
BOT_T1214,MSFT,402,2719.26,PENDING
BOT_T1698,MSFT,595,989.4,PENDING
BOT_T1215,GOOGL,531,2773.83,PENDING
BOT_T1699,JPMC,903,1811.04,PENDING
BOT_T1216,TSLA,36,1642.46,PENDING
BOT_T1217,AAPL,477,1856.7,PENDING
BOT_T332,RELIANCE,913,2304.63,PENDING
BOT_T1218,TCS,506,345.0,PENDING
BOT_T333,GOOGL,200,1608.62,PENDING
BOT_T1219,GOOGL,126,1129.44,PENDING
BOT_T330,MSFT,180,1170.64,PENDING
BOT_T331,GOOGL,989,1398.39,PENDING
BOT_T336,GOOGL,709,324.06,PENDING
BOT_T337,GOOGL,477,2246.38,PENDING
BOT_T334,RELIANCE,442,370.33,PENDING
BOT_T335,TSLA,723,2776.88,PENDING
BOT_T338,AAPL,611,2799.1,PENDING
BOT_T339,JPMC,964,404.4,PENDING
BOT_T1220,JPMC,804,2639.27,PENDING
BOT_T1221,JPMC,763,302.18,PENDING
BOT_T1222,GOOGL,46,899.28,PENDING
BOT_T1223,RELIANCE,639,964.61,PENDING
BOT_T1224,AAPL,451,2757.65,PENDING
BOT_T1225,RELIANCE,906,1653.25,PENDING
BOT_T1226,RELIANCE,13,1412.25,PENDING
BOT_T340,JPMC,504,2099.64,PENDING
BOT_T1227,TSLA,856,2703.16,PENDING
BOT_T1228,TCS,779,2647.83,PENDING
BOT_T343,TSLA,541,786.09,PENDING
BOT_T1229,TSLA,996,2629.58,PENDING
BOT_T344,MSFT,52,1505.35,PENDING
BOT_T341,JPMC,930,1738.09,PENDING
BOT_T342,MSFT,369,786.46,PENDING
BOT_T347,JPMC,347,946.8,PENDING
BOT_T348,TCS,801,839.28,PENDING
BOT_T345,JPMC,646,2495.65,PENDING
BOT_T346,GOOGL,592,1783.99,PENDING
BOT_T349,TSLA,935,2206.35,PENDING
BOT_T1230,AAPL,850,625.85,PENDING
BOT_T1231,AAPL,352,503.02,PENDING
BOT_T1232,RELIANCE,209,1597.87,PENDING
BOT_T1233,RELIANCE,711,2993.25,PENDING
BOT_T1234,JPMC,164,1129.38,PENDING
BOT_T1235,TCS,355,2138.31,PENDING
BOT_T790,MSFT,547,1774.5,PENDING
BOT_T1632,TSLA,371,2748.95,PENDING
BOT_T791,GOOGL,752,685.25,PENDING
BOT_T1633,GOOGL,773,2669.89,PENDING
BOT_T1634,RELIANCE,460,1709.86,PENDING
BOT_T1635,GOOGL,613,2322.45,PENDING
BOT_T310,MSFT,865,2617.83,PENDING
BOT_T794,TCS,299,1364.55,PENDING
BOT_T1636,AAPL,74,127.91,PENDING
BOT_T311,TSLA,82,1421.13,PENDING
BOT_T795,JPMC,162,306.15,PENDING
BOT_T1637,JPMC,580,1049.7,PENDING
BOT_T792,RELIANCE,612,1523.59,PENDING
BOT_T1638,TCS,962,1225.25,PENDING
BOT_T793,TCS,711,1074.06,PENDING
BOT_T1639,AAPL,287,1638.64,PENDING
BOT_T314,JPMC,258,1653.7,PENDING
BOT_T798,TSLA,806,1126.55,PENDING
BOT_T315,AAPL,478,872.39,PENDING
BOT_T799,TCS,299,2039.98,PENDING
BOT_T312,AAPL,321,1876.29,PENDING
BOT_T796,MSFT,378,1864.52,PENDING
BOT_T313,AAPL,41,2822.03,PENDING
BOT_T797,GOOGL,465,2346.19,PENDING
BOT_T318,TCS,257,2987.75,PENDING
BOT_T319,RELIANCE,158,1893.54,PENDING
BOT_T316,RELIANCE,665,2598.42,PENDING
BOT_T317,GOOGL,524,2966.57,PENDING
BOT_T309,RELIANCE,371,2543.96,PENDING
BOT_T1640,GOOGL,575,597.32,PENDING
BOT_T1641,TCS,955,2343.47,PENDING
BOT_T1642,RELIANCE,96,572.68,PENDING
BOT_T1643,JPMC,661,2012.81,PENDING
BOT_T1644,TCS,598,637.92,PENDING
BOT_T1645,TCS,439,2680.98,PENDING
BOT_T1646,JPMC,292,2498.9,PENDING
BOT_T321,RELIANCE,43,975.92,PENDING
BOT_T1647,RELIANCE,624,2239.27,PENDING
BOT_T322,RELIANCE,710,431.88,PENDING
BOT_T1648,TSLA,543,2337.41,PENDING
BOT_T1649,GOOGL,261,2873.22,PENDING
BOT_T320,TSLA,352,2405.42,PENDING
BOT_T325,RELIANCE,809,698.63,PENDING
BOT_T326,GOOGL,50,1331.64,PENDING
BOT_T323,TSLA,167,684.6,PENDING
BOT_T324,TSLA,722,1966.4,PENDING
BOT_T329,AAPL,490,1097.46,PENDING
BOT_T327,RELIANCE,484,2866.3,PENDING
BOT_T328,MSFT,289,1391.67,PENDING
BOT_T1650,MSFT,268,2850.0,PENDING
BOT_T1651,TCS,205,1279.3,PENDING
BOT_T1652,TCS,672,696.09,PENDING
BOT_T1653,AAPL,672,558.34,PENDING
BOT_T1654,GOOGL,905,775.94,PENDING
BOT_T1655,AAPL,511,607.59,PENDING
BOT_T1656,AAPL,948,2162.66,PENDING
BOT_T1657,AAPL,539,2155.79,PENDING
BOT_T772,MSFT,390,2725.91,PENDING
BOT_T1658,RELIANCE,860,511.05,PENDING
BOT_T773,TSLA,245,1896.39,PENDING
BOT_T1659,JPMC,517,1594.63,PENDING
BOT_T770,TSLA,231,2879.4,PENDING
BOT_T771,MSFT,21,124.5,PENDING
BOT_T776,MSFT,406,2126.71,PENDING
BOT_T777,AAPL,793,1633.68,PENDING
BOT_T774,RELIANCE,98,1021.55,PENDING
BOT_T775,TSLA,175,2976.74,PENDING
BOT_T778,TSLA,247,467.85,PENDING
BOT_T779,AAPL,23,2426.29,PENDING
BOT_T1660,GOOGL,602,1553.37,PENDING
BOT_T1661,AAPL,62,2560.42,PENDING
BOT_T1662,RELIANCE,545,123.84,PENDING
BOT_T1663,GOOGL,95,1640.51,PENDING
BOT_T1664,RELIANCE,379,678.28,PENDING
BOT_T1665,JPMC,892,2229.03,PENDING
BOT_T780,JPMC,959,323.65,PENDING
BOT_T1666,AAPL,998,2081.15,PENDING
BOT_T1667,JPMC,206,2049.17,PENDING
BOT_T1668,GOOGL,515,984.0,PENDING
BOT_T783,AAPL,772,2650.97,PENDING
BOT_T1669,GOOGL,461,121.67,PENDING
BOT_T784,RELIANCE,753,624.05,PENDING
BOT_T300,TCS,637,1690.76,PENDING
BOT_T781,GOOGL,969,1263.44,PENDING
BOT_T782,JPMC,847,2380.76,PENDING
BOT_T303,JPMC,344,1428.71,PENDING
BOT_T787,TSLA,866,252.09,PENDING
BOT_T304,RELIANCE,274,907.21,PENDING
BOT_T788,GOOGL,523,1832.43,PENDING
BOT_T301,TSLA,520,401.14,PENDING
BOT_T785,TCS,307,2187.0,PENDING
BOT_T302,TSLA,189,987.54,PENDING
BOT_T786,JPMC,166,1903.5,PENDING
BOT_T307,TSLA,76,2423.6,PENDING
BOT_T308,MSFT,935,2267.44,PENDING
BOT_T305,RELIANCE,476,1945.99,PENDING
BOT_T789,RELIANCE,69,1143.57,PENDING
BOT_T306,TCS,819,1191.37,PENDING
BOT_T1670,TSLA,129,1267.73,PENDING
BOT_T1671,TSLA,420,2432.19,PENDING
BOT_T1672,GOOGL,909,2871.88,PENDING
BOT_T1673,GOOGL,626,1255.81,PENDING
BOT_T1674,JPMC,497,2677.38,PENDING
BOT_T1675,GOOGL,753,1402.07,PENDING
BOT_T750,GOOGL,249,608.36,PENDING
BOT_T751,JPMC,375,524.06,PENDING
BOT_T754,TSLA,598,2255.64,PENDING
BOT_T755,TCS,433,2960.83,PENDING
BOT_T752,RELIANCE,838,2171.28,PENDING
BOT_T753,MSFT,663,2373.35,PENDING
BOT_T758,MSFT,301,2625.99,PENDING
BOT_T759,JPMC,293,1739.14,PENDING
BOT_T756,TSLA,24,870.76,PENDING
BOT_T757,GOOGL,430,263.12,PENDING
BOT_T749,TCS,892,462.14,PENDING
BOT_T761,JPMC,452,1283.38,PENDING
BOT_T762,AAPL,900,122.79,PENDING
BOT_T760,TSLA,576,1221.46,PENDING
BOT_T765,GOOGL,332,2230.56,PENDING
BOT_T766,MSFT,26,1856.15,PENDING
BOT_T763,RELIANCE,357,904.23,PENDING
BOT_T764,TSLA,784,2434.05,PENDING
BOT_T769,MSFT,882,377.65,PENDING
BOT_T767,TSLA,149,2878.02,PENDING
BOT_T768,TCS,783,292.3,PENDING
BOT_T732,TSLA,636,1677.12,PENDING
BOT_T733,GOOGL,323,2366.12,PENDING
BOT_T730,AAPL,391,2367.25,PENDING
BOT_T731,TCS,859,2941.23,PENDING
BOT_T736,RELIANCE,795,840.38,PENDING
BOT_T737,GOOGL,80,480.85,PENDING
BOT_T734,TSLA,302,550.14,PENDING
BOT_T735,AAPL,617,2888.88,PENDING
BOT_T729,RELIANCE,544,1000.15,PENDING
BOT_T727,JPMC,789,2209.1,PENDING
BOT_T728,AAPL,801,1608.77,PENDING
BOT_T740,TSLA,603,1766.85,PENDING
BOT_T743,TSLA,975,1357.23,PENDING
BOT_T744,JPMC,842,1015.31,PENDING
BOT_T741,AAPL,321,1282.96,PENDING
BOT_T742,TSLA,623,1568.61,PENDING
BOT_T747,AAPL,540,869.73,PENDING
BOT_T748,GOOGL,158,830.71,PENDING
BOT_T745,TCS,990,527.4,PENDING
BOT_T746,RELIANCE,892,1219.79,PENDING
BOT_T738,MSFT,599,230.89,PENDING
BOT_T739,JPMC,487,158.86,PENDING
BOT_T1357,RELIANCE,467,1708.38,PENDING
BOT_T1358,TSLA,880,1724.35,PENDING
BOT_T1359,TSLA,580,1622.94,PENDING
BOT_T710,GOOGL,862,1484.0,PENDING
BOT_T711,AAPL,280,2321.19,PENDING
BOT_T714,RELIANCE,272,554.42,PENDING
BOT_T715,TCS,784,1042.85,PENDING
BOT_T712,TCS,534,1382.41,PENDING
BOT_T713,MSFT,792,1379.99,PENDING
BOT_T707,TCS,23,1227.96,PENDING
BOT_T708,RELIANCE,405,1052.79,PENDING
BOT_T705,MSFT,208,2955.18,PENDING
BOT_T706,TCS,193,1166.82,PENDING
BOT_T709,JPMC,549,2468.41,PENDING
BOT_T1360,TCS,950,1696.54,PENDING
BOT_T1361,TCS,617,2123.36,PENDING
BOT_T1362,GOOGL,475,2763.86,PENDING
BOT_T1363,MSFT,298,450.18,PENDING
BOT_T1364,GOOGL,955,115.87,PENDING
BOT_T1365,GOOGL,297,416.76,PENDING
BOT_T1366,TSLA,863,1355.08,PENDING
BOT_T1367,GOOGL,956,2618.96,PENDING
BOT_T1368,AAPL,772,2859.55,PENDING
BOT_T1369,TSLA,821,1202.69,PENDING
BOT_T721,TCS,681,1194.29,PENDING
BOT_T722,GOOGL,721,461.74,PENDING
BOT_T720,GOOGL,988,1998.81,PENDING
BOT_T725,RELIANCE,47,1409.68,PENDING
BOT_T726,JPMC,513,601.62,PENDING
BOT_T723,TSLA,307,511.45,PENDING
BOT_T724,AAPL,555,1360.64,PENDING
BOT_T718,GOOGL,859,2795.44,PENDING
BOT_T719,MSFT,237,2309.98,PENDING
BOT_T716,GOOGL,544,1466.31,PENDING
BOT_T717,TSLA,485,1340.73,PENDING
BOT_T1370,JPMC,625,2039.56,PENDING
BOT_T1371,JPMC,241,2731.28,PENDING
BOT_T1372,RELIANCE,105,967.63,PENDING
BOT_T1373,TSLA,736,2704.47,PENDING
BOT_T1374,JPMC,44,458.13,PENDING
BOT_T1375,TCS,98,2830.07,PENDING
BOT_T1376,GOOGL,617,1293.57,PENDING
BOT_T1377,RELIANCE,981,1928.59,PENDING
BOT_T1378,TCS,817,2107.79,PENDING
BOT_T1379,JPMC,945,1191.63,PENDING
BOT_T1380,GOOGL,152,1367.15,PENDING
BOT_T1381,AAPL,301,2048.89,PENDING
BOT_T1382,MSFT,52,2544.63,PENDING
BOT_T1383,GOOGL,490,727.3,PENDING
BOT_T1384,AAPL,965,2503.41,PENDING
BOT_T1385,RELIANCE,282,1526.88,PENDING
BOT_T1386,RELIANCE,951,1714.77,PENDING
BOT_T1387,MSFT,832,2412.06,PENDING
BOT_T1388,TCS,440,2736.45,PENDING
BOT_T1389,AAPL,215,2292.55,PENDING
BOT_T700,JPMC,308,2470.39,PENDING
BOT_T703,TSLA,133,1259.09,PENDING
BOT_T704,TCS,106,2714.84,PENDING
BOT_T701,RELIANCE,138,1926.2,PENDING
BOT_T702,TCS,318,1833.85,PENDING
BOT_T1390,JPMC,965,2650.22,PENDING
BOT_T1391,RELIANCE,778,2379.74,PENDING
BOT_T1392,TCS,244,923.76,PENDING
BOT_T1393,GOOGL,177,1851.36,PENDING
BOT_T1394,MSFT,52,2149.98,PENDING
BOT_T1395,MSFT,128,1608.94,PENDING
BOT_T1396,TSLA,211,2812.09,PENDING
BOT_T1397,MSFT,896,1968.95,PENDING
BOT_T1398,TSLA,86,2583.89,PENDING
BOT_T1399,AAPL,558,2408.66,PENDING
BOT_T1710,AAPL,276,2748.32,PENDING
BOT_T1711,MSFT,227,2392.3,PENDING
BOT_T1712,GOOGL,736,2088.81,PENDING
BOT_T1713,JPMC,141,1358.34,PENDING
BOT_T1714,JPMC,168,270.27,PENDING
BOT_T1715,RELIANCE,324,603.0,PENDING
BOT_T1716,AAPL,660,1023.55,PENDING
BOT_T1717,TSLA,637,1178.04,PENDING
BOT_T1718,AAPL,332,2143.24,PENDING
BOT_T1719,MSFT,779,2970.07,PENDING
BOT_T1720,TCS,817,1303.51,PENDING
BOT_T1721,AAPL,201,1397.24,PENDING
BOT_T1722,AAPL,752,1006.55,PENDING
BOT_T1723,TCS,896,2050.1,PENDING
BOT_T1724,TCS,684,2049.47,PENDING
BOT_T1725,RELIANCE,137,738.08,PENDING
BOT_T1726,RELIANCE,12,495.39,PENDING
BOT_T1727,MSFT,815,1550.3,PENDING
BOT_T1728,MSFT,940,1315.67,PENDING
BOT_T1729,JPMC,579,2918.97,PENDING
BOT_T1730,MSFT,102,1497.45,PENDING
BOT_T295,TCS,352,676.32,PENDING
BOT_T1731,GOOGL,524,1987.86,PENDING
BOT_T296,AAPL,634,590.34,PENDING
BOT_T1732,GOOGL,697,396.48,PENDING
BOT_T293,TCS,686,568.1,PENDING
BOT_T1733,RELIANCE,580,2181.59,PENDING
BOT_T294,JPMC,348,110.7,PENDING
BOT_T1734,JPMC,517,1073.4,PENDING
BOT_T299,GOOGL,825,2100.69,PENDING
BOT_T1735,AAPL,846,450.64,PENDING
BOT_T1736,GOOGL,354,1830.73,PENDING
BOT_T297,RELIANCE,784,1485.39,PENDING
BOT_T1737,JPMC,471,1459.24,PENDING
BOT_T298,TSLA,419,1177.12,PENDING
BOT_T1738,AAPL,740,419.68,PENDING
BOT_T1739,MSFT,637,2307.31,PENDING
BOT_T291,TCS,822,533.72,PENDING
BOT_T292,MSFT,446,220.91,PENDING
BOT_T1740,RELIANCE,470,1104.71,PENDING
BOT_T290,TCS,753,2718.69,PENDING
BOT_T1741,TSLA,50,2034.6,PENDING
BOT_T1742,JPMC,157,1831.65,PENDING
BOT_T1743,TCS,997,2442.71,PENDING
BOT_T1744,TCS,455,964.89,PENDING
BOT_T1745,TCS,734,2939.32,PENDING
BOT_T1746,TSLA,521,1809.12,PENDING
BOT_T1747,TCS,971,1065.48,PENDING
BOT_T1748,AAPL,803,2144.52,PENDING
BOT_T1749,JPMC,156,544.59,PENDING
BOT_T1750,TSLA,568,2496.49,PENDING
BOT_T1751,AAPL,353,2582.08,PENDING
BOT_T1752,JPMC,307,2241.77,PENDING
BOT_T273,GOOGL,248,1230.68,PENDING
BOT_T274,TCS,199,1513.78,PENDING
BOT_T271,TCS,559,1539.51,PENDING
BOT_T272,MSFT,726,898.82,PENDING
BOT_T277,JPMC,559,795.06,PENDING
BOT_T278,TCS,331,2859.36,PENDING
BOT_T275,AAPL,477,2918.21,PENDING
BOT_T276,RELIANCE,461,1663.68,PENDING
BOT_T279,MSFT,997,2635.79,PENDING
BOT_T270,GOOGL,404,2253.06,PENDING
BOT_T284,RELIANCE,776,2483.29,PENDING
BOT_T285,AAPL,264,2935.55,PENDING
BOT_T282,GOOGL,140,2592.19,PENDING
BOT_T283,TCS,540,715.09,PENDING
BOT_T288,TCS,41,2565.84,PENDING
BOT_T289,TCS,847,1598.3,PENDING
BOT_T286,MSFT,848,2501.71,PENDING
BOT_T287,MSFT,964,2154.1,PENDING
BOT_T280,JPMC,180,451.81,PENDING
BOT_T281,TCS,557,934.9,PENDING
BOT_T251,RELIANCE,368,515.68,PENDING
BOT_T252,TCS,496,977.16,PENDING
BOT_T250,TCS,786,800.11,PENDING
BOT_T255,TSLA,169,587.21,PENDING
BOT_T256,JPMC,890,897.98,PENDING
BOT_T253,AAPL,537,288.24,PENDING
BOT_T254,RELIANCE,375,344.1,PENDING
BOT_T259,TSLA,365,520.04,PENDING
BOT_T257,AAPL,775,201.78,PENDING
BOT_T258,MSFT,495,1584.45,PENDING
BOT_T262,GOOGL,451,2371.02,PENDING
BOT_T263,MSFT,252,1223.07,PENDING
BOT_T260,JPMC,568,1882.26,PENDING
BOT_T1700,JPMC,979,533.89,PENDING
BOT_T261,JPMC,81,2974.85,PENDING
BOT_T1701,RELIANCE,598,1712.42,PENDING
BOT_T266,TSLA,657,1503.26,PENDING
BOT_T1702,GOOGL,132,2342.39,PENDING
BOT_T267,TCS,727,1937.31,PENDING
BOT_T1703,TCS,343,1263.78,PENDING
BOT_T264,GOOGL,828,1080.32,PENDING
BOT_T1704,TSLA,318,986.18,PENDING
BOT_T265,RELIANCE,967,181.8,PENDING
BOT_T1705,JPMC,767,2918.21,PENDING
BOT_T1706,GOOGL,608,926.06,PENDING
BOT_T1707,TCS,661,2958.1,PENDING
BOT_T268,TSLA,971,1549.93,PENDING
BOT_T1708,TSLA,910,2129.49,PENDING
BOT_T269,MSFT,557,378.32,PENDING
BOT_T1709,GOOGL,661,2782.11,PENDING
BOT_T1313,RELIANCE,661,1311.14,PENDING
BOT_T1797,JPMC,113,958.01,PENDING
BOT_T230,GOOGL,133,2327.48,PENDING
BOT_T1314,TCS,42,2293.02,PENDING
BOT_T1798,JPMC,991,1417.45,PENDING
BOT_T1315,GOOGL,238,1436.31,PENDING
BOT_T1799,TSLA,689,2478.05,PENDING
BOT_T1316,RELIANCE,889,701.28,PENDING
BOT_T233,GOOGL,543,1744.75,PENDING
BOT_T1317,GOOGL,642,1559.92,PENDING
BOT_T234,GOOGL,207,579.28,PENDING
BOT_T1318,TSLA,71,2149.34,PENDING
BOT_T231,MSFT,419,722.18,PENDING
BOT_T1319,GOOGL,496,292.79,PENDING
BOT_T232,AAPL,658,1418.5,PENDING
BOT_T237,TCS,509,2861.61,PENDING
BOT_T238,AAPL,190,1519.63,PENDING
BOT_T235,RELIANCE,415,2030.98,PENDING
BOT_T236,RELIANCE,960,2558.52,PENDING
BOT_T239,RELIANCE,13,1191.7,PENDING
BOT_T1320,RELIANCE,849,2107.55,PENDING
BOT_T1321,AAPL,12,1382.31,PENDING
BOT_T1322,AAPL,860,1365.92,PENDING
BOT_T1323,AAPL,892,2300.09,PENDING
BOT_T240,RELIANCE,67,143.59,PENDING
BOT_T1324,TCS,642,745.35,PENDING
BOT_T241,JPMC,281,1824.58,PENDING
BOT_T1325,JPMC,279,2805.38,PENDING
BOT_T1326,JPMC,417,1891.34,PENDING
BOT_T1327,TCS,13,390.1,PENDING
BOT_T244,JPMC,147,350.15,PENDING
BOT_T1328,TSLA,587,257.98,PENDING
BOT_T245,TSLA,631,1997.47,PENDING
BOT_T1329,AAPL,443,2264.76,PENDING
BOT_T242,JPMC,914,2667.51,PENDING
BOT_T243,TCS,834,2936.01,PENDING
BOT_T248,GOOGL,442,2678.75,PENDING
BOT_T249,JPMC,159,701.76,PENDING
BOT_T246,RELIANCE,71,1020.7,PENDING
BOT_T247,AAPL,406,2951.39,PENDING
BOT_T1330,RELIANCE,519,1228.96,PENDING
BOT_T1331,AAPL,675,153.56,PENDING
BOT_T1332,TCS,979,2015.66,PENDING
BOT_T1333,MSFT,524,1588.7,PENDING
BOT_T1334,RELIANCE,464,568.14,PENDING
BOT_T691,AAPL,934,2180.73,PENDING
BOT_T1335,JPMC,88,697.02,PENDING
BOT_T692,JPMC,132,2616.93,PENDING
BOT_T1336,JPMC,517,1114.35,PENDING
BOT_T1337,AAPL,65,1296.31,PENDING
BOT_T690,JPMC,647,2544.26,PENDING
BOT_T1338,RELIANCE,771,1854.78,PENDING
BOT_T211,RELIANCE,801,576.41,PENDING
BOT_T695,RELIANCE,159,2408.16,PENDING
BOT_T1339,GOOGL,542,876.28,PENDING
BOT_T212,JPMC,852,1833.07,PENDING
BOT_T696,RELIANCE,377,2091.2,PENDING
BOT_T693,JPMC,492,771.6,PENDING
BOT_T210,RELIANCE,883,2757.6,PENDING
BOT_T694,MSFT,212,1313.97,PENDING
BOT_T215,MSFT,937,621.49,PENDING
BOT_T699,RELIANCE,549,772.15,PENDING
BOT_T216,JPMC,949,2992.94,PENDING
BOT_T213,JPMC,406,310.21,PENDING
BOT_T697,JPMC,991,859.14,PENDING
BOT_T214,RELIANCE,198,420.64,PENDING
BOT_T698,TCS,13,1941.72,PENDING
BOT_T219,TCS,812,550.52,PENDING
BOT_T217,RELIANCE,91,2703.26,PENDING
BOT_T218,GOOGL,263,796.98,PENDING
BOT_T1340,GOOGL,815,231.33,PENDING
BOT_T1341,MSFT,395,248.17,PENDING
BOT_T1342,TSLA,747,2554.1,PENDING
BOT_T1343,AAPL,475,1777.43,PENDING
BOT_T1344,MSFT,929,1291.75,PENDING
BOT_T1345,GOOGL,779,201.33,PENDING
BOT_T1346,TCS,570,2924.69,PENDING
BOT_T1347,MSFT,688,2683.03,PENDING
BOT_T1348,JPMC,444,1501.5,PENDING
BOT_T1349,AAPL,398,996.59,PENDING
BOT_T222,RELIANCE,275,2405.07,PENDING
BOT_T223,GOOGL,354,1537.17,PENDING
BOT_T220,RELIANCE,987,2887.0,PENDING
BOT_T221,TCS,899,811.33,PENDING
BOT_T226,GOOGL,968,2927.03,PENDING
BOT_T227,TCS,967,2811.8,PENDING
BOT_T224,TSLA,755,1741.99,PENDING
BOT_T225,GOOGL,809,2050.15,PENDING
BOT_T228,AAPL,215,903.32,PENDING
BOT_T229,TSLA,446,1212.52,PENDING
BOT_T1350,GOOGL,216,1140.67,PENDING
BOT_T1351,JPMC,888,1326.64,PENDING
BOT_T1352,GOOGL,795,710.42,PENDING
BOT_T1353,JPMC,520,632.21,PENDING
BOT_T1354,GOOGL,784,1630.93,PENDING
BOT_T1355,MSFT,97,531.44,PENDING
BOT_T1356,JPMC,724,837.51,PENDING
BOT_T1753,AAPL,173,2915.1,PENDING
BOT_T670,JPMC,91,1196.65,PENDING
BOT_T1754,AAPL,493,1590.19,PENDING
BOT_T1755,MSFT,903,1331.5,PENDING
BOT_T1756,TCS,900,1893.43,PENDING
BOT_T673,TCS,675,1418.17,PENDING
BOT_T1757,AAPL,794,2043.61,PENDING
BOT_T674,TCS,752,2982.34,PENDING
BOT_T1758,GOOGL,122,1861.66,PENDING
BOT_T671,TSLA,739,2644.16,PENDING
BOT_T1759,MSFT,815,108.89,PENDING
BOT_T672,GOOGL,318,1662.93,PENDING
BOT_T677,AAPL,897,2792.46,PENDING
BOT_T678,TCS,786,1902.66,PENDING
BOT_T675,JPMC,137,202.98,PENDING
BOT_T676,TCS,714,2457.0,PENDING
BOT_T679,GOOGL,586,2837.37,PENDING
BOT_T1760,AAPL,97,2314.95,PENDING
BOT_T1761,JPMC,282,870.52,PENDING
BOT_T1762,TCS,38,1322.67,PENDING
BOT_T1763,RELIANCE,698,235.12,PENDING
BOT_T680,TSLA,840,690.55,PENDING
BOT_T1764,RELIANCE,75,403.41,PENDING
BOT_T681,MSFT,330,778.75,PENDING
BOT_T1765,GOOGL,165,768.33,PENDING
BOT_T1766,TCS,470,1368.11,PENDING
BOT_T1767,MSFT,970,1129.65,PENDING
BOT_T684,TCS,299,2870.74,PENDING
BOT_T200,GOOGL,964,933.67,PENDING
BOT_T1768,JPMC,870,1883.09,PENDING
BOT_T685,MSFT,679,777.42,PENDING
BOT_T201,JPMC,764,1210.87,PENDING
BOT_T1769,TCS,90,1050.95,PENDING
BOT_T682,MSFT,718,328.66,PENDING
BOT_T683,RELIANCE,625,1159.24,PENDING
BOT_T204,TCS,570,2929.67,PENDING
BOT_T688,AAPL,540,1335.35,PENDING
BOT_T205,TCS,533,1987.57,PENDING
BOT_T689,AAPL,225,2875.78,PENDING
BOT_T202,TCS,25,1079.68,PENDING
BOT_T686,RELIANCE,127,111.27,PENDING
BOT_T203,JPMC,189,1778.95,PENDING
BOT_T687,JPMC,985,832.72,PENDING
BOT_T208,GOOGL,299,1667.21,PENDING
BOT_T209,MSFT,274,2189.84,PENDING
BOT_T206,MSFT,916,1028.48,PENDING
BOT_T207,AAPL,663,2145.61,PENDING
BOT_T1770,AAPL,697,2385.11,PENDING
BOT_T1771,AAPL,584,2635.31,PENDING
BOT_T1772,TCS,793,1013.27,PENDING
BOT_T1773,JPMC,374,1888.7,PENDING
BOT_T1774,AAPL,287,2093.42,PENDING
BOT_T1775,TCS,885,313.92,PENDING
BOT_T1776,AAPL,302,2781.25,PENDING
BOT_T1777,RELIANCE,659,2713.19,PENDING
BOT_T1778,TSLA,241,2283.53,PENDING
BOT_T651,GOOGL,137,662.19,PENDING
BOT_T1779,TSLA,582,995.97,PENDING
BOT_T652,MSFT,135,2151.53,PENDING
BOT_T650,AAPL,166,1923.98,PENDING
BOT_T655,AAPL,100,803.7,PENDING
BOT_T656,AAPL,434,1616.57,PENDING
BOT_T653,TSLA,439,2053.06,PENDING
BOT_T654,MSFT,615,2632.85,PENDING
BOT_T659,TCS,241,2973.81,PENDING
BOT_T657,RELIANCE,373,1068.89,PENDING
BOT_T658,TCS,177,478.95,PENDING
BOT_T1780,TSLA,763,1753.16,PENDING
BOT_T1781,TCS,432,2644.59,PENDING
BOT_T1782,JPMC,188,467.31,PENDING
BOT_T1783,JPMC,756,2570.51,PENDING
BOT_T1300,TCS,568,1979.74,PENDING
BOT_T1784,RELIANCE,430,163.76,PENDING
BOT_T1301,TCS,899,1436.86,PENDING
BOT_T1785,MSFT,821,1150.31,PENDING
BOT_T1302,TCS,989,228.76,PENDING
BOT_T1786,AAPL,315,672.74,PENDING
BOT_T1303,MSFT,996,1863.26,PENDING
BOT_T1787,AAPL,391,1377.44,PENDING
BOT_T1304,JPMC,229,1166.37,PENDING
BOT_T1788,JPMC,590,1319.58,PENDING
BOT_T1305,TSLA,353,2860.6,PENDING
BOT_T1789,MSFT,787,976.72,PENDING
BOT_T662,RELIANCE,668,1490.96,PENDING
BOT_T1306,AAPL,370,2583.55,PENDING
BOT_T663,MSFT,22,2879.37,PENDING
BOT_T1307,TSLA,494,2415.77,PENDING
BOT_T660,MSFT,608,1780.91,PENDING
BOT_T1308,RELIANCE,400,2686.93,PENDING
BOT_T661,TSLA,832,172.23,PENDING
BOT_T1309,JPMC,800,1158.37,PENDING
BOT_T666,GOOGL,824,1261.33,PENDING
BOT_T667,JPMC,645,1849.0,PENDING
BOT_T664,JPMC,282,150.8,PENDING
BOT_T665,TSLA,127,2717.33,PENDING
BOT_T668,JPMC,810,2214.27,PENDING
BOT_T669,AAPL,811,1655.97,PENDING
BOT_T1790,TCS,884,614.89,PENDING
BOT_T1791,AAPL,542,101.12,PENDING
BOT_T1792,MSFT,418,653.59,PENDING
BOT_T1793,TSLA,115,1908.35,PENDING
BOT_T1310,TCS,883,1318.47,PENDING
BOT_T1794,AAPL,878,875.96,PENDING
BOT_T1311,RELIANCE,484,2709.56,PENDING
BOT_T1795,MSFT,655,1733.51,PENDING
BOT_T1312,TCS,35,1405.76,PENDING
BOT_T1796,TCS,504,1870.17,PENDING
BOT_T1038,AAPL,446,2591.65,PENDING
BOT_T1039,MSFT,940,1211.3,PENDING
BOT_T630,TCS,19,2380.15,PENDING
BOT_T24,JPMC,429,2616.0,PENDING
BOT_T633,MSFT,389,844.71,PENDING
BOT_T25,RELIANCE,745,139.34,PENDING
BOT_T634,RELIANCE,513,1452.5,PENDING
BOT_T22,RELIANCE,338,1043.67,PENDING
BOT_T631,JPMC,431,646.86,PENDING
BOT_T23,TCS,815,325.74,PENDING
BOT_T632,JPMC,774,1902.67,PENDING
BOT_T20,GOOGL,979,1280.14,PENDING
BOT_T637,JPMC,177,2680.24,PENDING
BOT_T638,AAPL,285,642.74,PENDING
BOT_T21,TCS,620,1540.85,PENDING
BOT_T635,AAPL,228,1720.42,PENDING
BOT_T636,MSFT,141,222.87,PENDING
BOT_T628,AAPL,837,2914.9,PENDING
BOT_T19,TCS,741,781.2,PENDING
BOT_T629,MSFT,763,1003.86,PENDING
BOT_T17,RELIANCE,839,2854.79,PENDING
BOT_T18,RELIANCE,863,723.48,PENDING
BOT_T15,RELIANCE,343,1716.98,PENDING
BOT_T1040,TCS,35,1011.48,PENDING
BOT_T16,TCS,774,686.49,PENDING
BOT_T1041,TCS,124,282.49,PENDING
BOT_T1042,TCS,145,316.66,PENDING
BOT_T1043,TCS,898,2607.58,PENDING
BOT_T1044,RELIANCE,827,1185.95,PENDING
BOT_T1045,TSLA,264,1335.12,PENDING
BOT_T1046,GOOGL,520,2220.06,PENDING
BOT_T1047,TSLA,82,189.08,PENDING
BOT_T1048,GOOGL,906,2839.85,PENDING
BOT_T1049,JPMC,790,1033.89,PENDING
BOT_T640,JPMC,960,431.75,PENDING
BOT_T641,GOOGL,487,2935.88,PENDING
BOT_T13,TSLA,61,2528.87,PENDING
BOT_T644,MSFT,387,2485.19,PENDING
BOT_T645,MSFT,92,1844.15,PENDING
BOT_T14,GOOGL,120,2706.93,PENDING
BOT_T11,RELIANCE,397,2848.52,PENDING
BOT_T642,RELIANCE,131,1297.14,PENDING
BOT_T12,TCS,828,1596.77,PENDING
BOT_T643,TCS,292,135.66,PENDING
BOT_T648,GOOGL,248,387.59,PENDING
BOT_T10,MSFT,469,617.42,PENDING
BOT_T649,RELIANCE,309,762.64,PENDING
BOT_T646,RELIANCE,83,1383.78,PENDING
BOT_T647,RELIANCE,245,2852.19,PENDING
BOT_T639,RELIANCE,857,950.4,PENDING
BOT_T1050,JPMC,990,1674.29,PENDING
BOT_T1051,MSFT,711,1695.97,PENDING
BOT_T1052,GOOGL,962,2953.23,PENDING
BOT_T1053,TCS,263,1625.27,PENDING
BOT_T1054,AAPL,468,879.04,PENDING
BOT_T1055,TCS,986,2753.86,PENDING
BOT_T1056,MSFT,119,1319.3,PENDING
BOT_T1057,JPMC,574,2211.82,PENDING
BOT_T1058,TCS,698,1637.46,PENDING
BOT_T1059,JPMC,506,383.16,PENDING
BOT_T611,TSLA,568,1809.94,PENDING
BOT_T612,GOOGL,709,258.11,PENDING
BOT_T610,TSLA,567,803.25,PENDING
BOT_T615,TSLA,976,623.74,PENDING
BOT_T616,MSFT,199,342.68,PENDING
BOT_T613,RELIANCE,901,2718.49,PENDING
BOT_T614,MSFT,513,193.27,PENDING
BOT_T608,AAPL,323,2027.46,PENDING
BOT_T609,RELIANCE,933,1696.67,PENDING
BOT_T606,AAPL,609,204.73,PENDING
BOT_T607,JPMC,794,2579.4,PENDING
BOT_T1060,TSLA,888,468.29,PENDING
BOT_T1061,JPMC,438,1700.22,PENDING
BOT_T1062,AAPL,75,2711.28,PENDING
BOT_T1063,TCS,211,402.25,PENDING
BOT_T1064,RELIANCE,954,1624.49,PENDING
BOT_T1065,AAPL,503,723.83,PENDING
BOT_T1066,TSLA,284,760.97,PENDING
BOT_T1067,TSLA,515,140.92,PENDING
BOT_T1068,JPMC,641,1872.36,PENDING
BOT_T1069,TCS,195,537.49,PENDING
BOT_T622,MSFT,145,1326.15,PENDING
BOT_T623,JPMC,244,1052.87,PENDING
BOT_T620,TCS,216,2635.29,PENDING
BOT_T621,TCS,454,688.25,PENDING
BOT_T626,AAPL,146,1874.87,PENDING
BOT_T627,AAPL,709,1253.28,PENDING
BOT_T624,GOOGL,539,2323.09,PENDING
BOT_T625,RELIANCE,982,1842.33,PENDING
BOT_T619,TSLA,30,425.52,PENDING
BOT_T617,TCS,950,1768.55,PENDING
BOT_T618,TSLA,333,2115.54,PENDING
BOT_T1070,TSLA,295,1522.64,PENDING
BOT_T1071,JPMC,237,969.82,PENDING
BOT_T1072,AAPL,947,2140.41,PENDING
BOT_T1073,TCS,643,696.81,PENDING
BOT_T1074,TCS,729,2519.5,PENDING
BOT_T1075,RELIANCE,301,573.64,PENDING
BOT_T1076,TCS,817,636.41,PENDING
BOT_T1077,GOOGL,508,970.42,PENDING
BOT_T1078,AAPL,272,794.92,PENDING
BOT_T1079,RELIANCE,419,1255.91,PENDING
BOT_T1478,TCS,847,1145.29,PENDING
BOT_T1479,AAPL,28,297.7,PENDING
BOT_T1480,TCS,925,193.58,PENDING
BOT_T1481,JPMC,55,1720.93,PENDING
BOT_T1482,TCS,431,225.96,PENDING
BOT_T1483,TSLA,23,499.36,PENDING
BOT_T1000,RELIANCE,490,1131.15,PENDING
BOT_T1484,GOOGL,113,2015.57,PENDING
BOT_T1001,TSLA,447,841.85,PENDING
BOT_T1485,JPMC,818,126.75,PENDING
BOT_T1002,MSFT,317,1198.64,PENDING
BOT_T1486,MSFT,489,815.5,PENDING
BOT_T1003,TCS,543,2988.02,PENDING
BOT_T1487,JPMC,555,2738.7,PENDING
BOT_T1004,MSFT,98,773.71,PENDING
BOT_T1488,MSFT,540,111.7,PENDING
BOT_T1005,AAPL,529,1183.05,PENDING
BOT_T1489,MSFT,533,540.92,PENDING
BOT_T1006,GOOGL,867,2545.38,PENDING
BOT_T1007,RELIANCE,262,1662.77,PENDING
BOT_T1008,TSLA,842,1781.52,PENDING
BOT_T1009,TSLA,376,2813.8,PENDING
BOT_T600,JPMC,789,2371.3,PENDING
BOT_T601,MSFT,890,1111.51,PENDING
BOT_T604,JPMC,538,2729.65,PENDING
BOT_T605,GOOGL,102,2295.33,PENDING
BOT_T602,TSLA,174,1171.54,PENDING
BOT_T603,RELIANCE,618,1760.55,PENDING
BOT_T1490,TSLA,660,2330.46,PENDING
BOT_T1491,RELIANCE,846,1046.7,PENDING
BOT_T1492,GOOGL,374,1903.94,PENDING
BOT_T1493,TSLA,993,1286.65,PENDING
BOT_T1010,MSFT,739,342.93,PENDING
BOT_T1494,TSLA,219,483.7,PENDING
BOT_T1011,AAPL,547,675.11,PENDING
BOT_T1495,GOOGL,99,301.44,PENDING
BOT_T1012,GOOGL,91,2749.33,PENDING
BOT_T1496,AAPL,668,2400.04,PENDING
BOT_T1013,TCS,576,2008.34,PENDING
BOT_T1497,TSLA,510,922.81,PENDING
BOT_T1014,JPMC,906,468.64,PENDING
BOT_T1498,TSLA,694,2830.6,PENDING
BOT_T1015,JPMC,412,2794.99,PENDING
BOT_T1499,TSLA,45,1251.43,PENDING
BOT_T1016,JPMC,420,2073.16,PENDING
BOT_T1017,MSFT,819,262.36,PENDING
BOT_T1018,MSFT,214,182.39,PENDING
BOT_T1019,TSLA,427,380.61,PENDING
BOT_T1020,RELIANCE,295,1407.97,PENDING
BOT_T1021,TCS,831,1976.85,PENDING
BOT_T1022,JPMC,187,272.87,PENDING
BOT_T1023,MSFT,375,1568.69,PENDING
BOT_T1024,JPMC,810,2832.9,PENDING
BOT_T1025,MSFT,123,1919.61,PENDING
BOT_T1026,MSFT,645,2429.34,PENDING
BOT_T1027,GOOGL,684,1861.68,PENDING
BOT_T1028,RELIANCE,225,1867.76,PENDING
BOT_T1029,AAPL,825,2365.44,PENDING
BOT_T1030,GOOGL,251,412.95,PENDING
BOT_T1031,GOOGL,691,1470.41,PENDING
BOT_T1032,TCS,765,2500.4,PENDING
BOT_T1033,MSFT,59,2953.77,PENDING
BOT_T1034,JPMC,544,2891.77,PENDING
BOT_T1035,GOOGL,343,954.97,PENDING
BOT_T1036,TCS,531,1805.58,PENDING
BOT_T1037,GOOGL,109,1981.3,PENDING
BOT_T93,TCS,199,2078.16,PENDING
BOT_T94,GOOGL,113,2484.01,PENDING
BOT_T91,MSFT,594,118.53,PENDING
BOT_T92,JPMC,718,1797.9,PENDING
BOT_T90,TSLA,825,1023.97,PENDING
BOT_T99,MSFT,590,2657.47,PENDING
BOT_T97,TSLA,778,2348.22,PENDING
BOT_T98,AAPL,603,2407.29,PENDING
BOT_T95,RELIANCE,228,2448.58,PENDING
BOT_T96,GOOGL,960,787.98,PENDING
BOT_T82,RELIANCE,348,734.52,PENDING
BOT_T83,TSLA,735,1104.22,PENDING
BOT_T80,AAPL,250,2000.0,PENDING
BOT_T81,TSLA,945,824.24,PENDING
BOT_T88,AAPL,818,1114.79,PENDING
BOT_T89,RELIANCE,307,761.24,PENDING
BOT_T86,AAPL,318,746.48,PENDING
BOT_T87,JPMC,19,1202.94,PENDING
BOT_T84,GOOGL,575,2841.17,PENDING
BOT_T85,AAPL,831,2608.46,PENDING
BOT_T71,TCS,580,989.56,PENDING
BOT_T72,TSLA,926,2950.22,PENDING
BOT_T70,TCS,848,2970.99,PENDING
BOT_T1900,MSFT,631,1695.33,PENDING
BOT_T1901,GOOGL,157,2662.95,PENDING
BOT_T1902,JPMC,327,444.53,PENDING
BOT_T1903,JPMC,330,350.64,PENDING
BOT_T79,AAPL,824,2532.34,PENDING
BOT_T1904,AAPL,258,2351.44,PENDING
BOT_T1905,AAPL,177,779.46,PENDING
BOT_T77,GOOGL,782,1962.21,PENDING
BOT_T1906,MSFT,905,2888.38,PENDING
BOT_T78,MSFT,285,378.24,PENDING
BOT_T1907,JPMC,112,604.07,PENDING
BOT_T75,RELIANCE,519,1659.98,PENDING
BOT_T1908,MSFT,918,2111.06,PENDING
BOT_T76,MSFT,547,353.83,PENDING
BOT_T1909,AAPL,74,273.87,PENDING
BOT_T73,AAPL,574,1654.8,PENDING
BOT_T74,RELIANCE,58,461.62,PENDING
BOT_T60,TSLA,716,1035.98,PENDING
BOT_T61,AAPL,298,1138.96,PENDING
BOT_T68,MSFT,199,1207.41,PENDING
BOT_T69,TSLA,687,1242.9,PENDING
BOT_T66,JPMC,972,2352.93,PENDING
BOT_T67,MSFT,649,1029.87,PENDING
BOT_T64,TSLA,40,2551.74,PENDING
BOT_T65,MSFT,123,2825.09,PENDING
BOT_T62,TSLA,472,1440.62,PENDING
BOT_T63,JPMC,390,1092.51,PENDING
BOT_T1080,MSFT,153,1695.55,PENDING
BOT_T1081,RELIANCE,944,1127.83,PENDING
BOT_T1082,TSLA,794,738.94,PENDING
BOT_T59,GOOGL,684,112.12,PENDING
BOT_T1083,TSLA,374,1264.31,PENDING
BOT_T1084,TSLA,597,1508.89,PENDING
BOT_T1085,GOOGL,874,1277.34,PENDING
BOT_T1086,RELIANCE,815,166.11,PENDING
BOT_T1087,MSFT,861,2455.07,PENDING
BOT_T1088,JPMC,294,668.69,PENDING
BOT_T1089,TCS,73,1481.39,PENDING
BOT_T50,TSLA,97,1890.9,PENDING
BOT_T57,TSLA,781,2898.94,PENDING
BOT_T58,AAPL,318,430.88,PENDING
BOT_T55,GOOGL,904,887.33,PENDING
BOT_T56,GOOGL,75,992.3,PENDING
BOT_T53,AAPL,177,2989.87,PENDING
BOT_T54,JPMC,671,2651.35,PENDING
BOT_T51,AAPL,578,1836.65,PENDING
BOT_T52,JPMC,444,112.0,PENDING
BOT_T1090,TCS,716,1472.8,PENDING
BOT_T1091,TCS,588,1709.15,PENDING
BOT_T1092,GOOGL,336,1328.11,PENDING
BOT_T1093,GOOGL,746,2593.58,PENDING
BOT_T48,AAPL,410,1140.06,PENDING
BOT_T1094,GOOGL,13,2813.71,PENDING
BOT_T49,GOOGL,879,2185.62,PENDING
BOT_T1095,GOOGL,647,2291.2,PENDING
BOT_T1096,AAPL,255,1982.86,PENDING
BOT_T1097,AAPL,186,2050.84,PENDING
BOT_T1098,JPMC,276,860.33,PENDING
BOT_T1099,MSFT,552,2149.18,PENDING
BOT_T46,TCS,238,719.21,PENDING
BOT_T47,JPMC,279,1250.61,PENDING
BOT_T44,TSLA,662,2352.77,PENDING
BOT_T45,TSLA,884,2172.95,PENDING
BOT_T42,MSFT,371,1792.48,PENDING
BOT_T43,RELIANCE,370,2851.5,PENDING
BOT_T40,AAPL,84,2659.75,PENDING
BOT_T41,RELIANCE,34,2445.92,PENDING
BOT_T39,TCS,373,2527.75,PENDING
BOT_T37,GOOGL,704,1315.08,PENDING
BOT_T38,RELIANCE,719,1180.23,PENDING
BOT_T35,MSFT,533,1453.08,PENDING
BOT_T36,TSLA,105,687.77,PENDING
BOT_T33,TCS,962,664.22,PENDING
BOT_T34,AAPL,76,144.88,PENDING
BOT_T31,TSLA,350,646.82,PENDING
BOT_T32,TSLA,556,1580.92,PENDING
BOT_T30,MSFT,140,2118.11,PENDING
BOT_T28,AAPL,983,1221.34,PENDING
BOT_T29,MSFT,934,382.26,PENDING
BOT_T26,AAPL,340,273.76,PENDING
BOT_T27,MSFT,345,1550.83,PENDING
BOT_T196,TSLA,329,1635.25,PENDING
BOT_T1830,TCS,920,1779.77,PENDING
BOT_T197,TCS,996,676.8,PENDING
BOT_T1831,RELIANCE,12,2943.16,PENDING
BOT_T194,MSFT,726,986.9,PENDING
BOT_T1832,JPMC,837,1121.03,PENDING
BOT_T195,TCS,557,297.13,PENDING
BOT_T1833,GOOGL,747,1795.55,PENDING
BOT_T1834,MSFT,813,2535.6,PENDING
BOT_T1835,GOOGL,275,2139.29,PENDING
BOT_T198,JPMC,613,1751.92,PENDING
BOT_T1836,RELIANCE,191,1248.59,PENDING
BOT_T199,AAPL,582,1776.49,PENDING
BOT_T1837,TSLA,417,1832.73,PENDING
BOT_T1838,AAPL,450,1018.88,PENDING
BOT_T1839,TSLA,710,1163.62,PENDING
BOT_T192,TSLA,476,567.38,PENDING
BOT_T193,RELIANCE,1000,1816.23,PENDING
BOT_T190,RELIANCE,678,1086.15,PENDING
BOT_T191,JPMC,680,2658.46,PENDING
BOT_T1840,TSLA,135,628.72,PENDING
BOT_T1841,TCS,20,2935.56,PENDING
BOT_T1842,JPMC,354,418.26,PENDING
BOT_T1843,RELIANCE,785,161.22,PENDING
BOT_T1844,TSLA,309,1860.15,PENDING
BOT_T1845,TCS,815,406.37,PENDING
BOT_T1846,GOOGL,575,324.81,PENDING
BOT_T1847,TSLA,670,186.79,PENDING
BOT_T1848,GOOGL,284,1134.85,PENDING
BOT_T1849,JPMC,740,1701.64,PENDING
BOT_T1850,TSLA,296,961.57,PENDING
BOT_T1851,RELIANCE,871,834.97,PENDING
BOT_T174,TCS,42,2218.22,PENDING
BOT_T1852,AAPL,976,1649.42,PENDING
BOT_T175,RELIANCE,467,2548.09,PENDING
BOT_T1853,TCS,603,332.87,PENDING
BOT_T172,TSLA,388,2068.83,PENDING
BOT_T1854,JPMC,907,2287.68,PENDING
BOT_T173,TSLA,540,419.25,PENDING
BOT_T1855,AAPL,227,2781.34,PENDING
BOT_T178,GOOGL,69,1072.67,PENDING
BOT_T1856,GOOGL,807,1216.23,PENDING
BOT_T179,TCS,992,2576.95,PENDING
BOT_T1857,GOOGL,597,1358.67,PENDING
BOT_T176,AAPL,357,261.54,PENDING
BOT_T1858,GOOGL,970,1010.41,PENDING
BOT_T177,AAPL,727,1098.33,PENDING
BOT_T1859,TCS,542,860.25,PENDING
BOT_T170,AAPL,676,2090.33,PENDING
BOT_T171,TCS,684,2759.12,PENDING
BOT_T1860,TCS,166,2155.36,PENDING
BOT_T1861,RELIANCE,908,498.12,PENDING
BOT_T1862,RELIANCE,394,820.66,PENDING
BOT_T185,TSLA,787,2003.32,PENDING
BOT_T1863,RELIANCE,426,388.98,PENDING
BOT_T186,TSLA,818,1342.67,PENDING
BOT_T1864,RELIANCE,552,1793.61,PENDING
BOT_T183,GOOGL,684,1398.32,PENDING
BOT_T1865,MSFT,561,663.21,PENDING
BOT_T184,MSFT,371,695.12,PENDING
BOT_T1866,TCS,331,1530.29,PENDING
BOT_T189,MSFT,166,519.93,PENDING
BOT_T1867,JPMC,132,1194.3,PENDING
BOT_T1868,JPMC,429,1700.49,PENDING
BOT_T187,JPMC,974,946.53,PENDING
BOT_T1869,RELIANCE,68,2425.46,PENDING
BOT_T188,TCS,26,2894.91,PENDING
BOT_T181,JPMC,119,883.97,PENDING
BOT_T1870,TSLA,475,1247.94,PENDING
BOT_T182,GOOGL,994,1431.93,PENDING
BOT_T1871,JPMC,908,1406.39,PENDING
BOT_T1872,RELIANCE,270,1260.41,PENDING
BOT_T180,MSFT,170,247.42,PENDING
BOT_T1873,TCS,367,2773.58,PENDING
BOT_T152,TSLA,723,1970.53,PENDING
BOT_T153,MSFT,179,1209.19,PENDING
BOT_T150,MSFT,105,2956.46,PENDING
BOT_T151,TSLA,724,2971.45,PENDING
BOT_T156,AAPL,195,1897.67,PENDING
BOT_T157,TSLA,244,2664.53,PENDING
BOT_T154,JPMC,288,2305.52,PENDING
BOT_T155,AAPL,893,1142.83,PENDING
BOT_T158,MSFT,264,798.63,PENDING
BOT_T159,MSFT,207,1028.8,PENDING
BOT_T163,MSFT,945,1405.52,PENDING
BOT_T164,JPMC,733,1703.34,PENDING
BOT_T161,RELIANCE,103,1674.65,PENDING
BOT_T162,GOOGL,925,1333.08,PENDING
BOT_T1800,TSLA,566,1070.99,PENDING
BOT_T167,TCS,476,1620.03,PENDING
BOT_T1801,TCS,643,442.73,PENDING
BOT_T168,JPMC,1000,635.69,PENDING
BOT_T1802,TCS,210,1304.72,PENDING
BOT_T165,TCS,866,680.1,PENDING
BOT_T1803,RELIANCE,408,865.96,PENDING
BOT_T166,TCS,326,1779.79,PENDING
BOT_T1804,AAPL,200,2489.72,PENDING
BOT_T1805,RELIANCE,565,2832.84,PENDING
BOT_T1806,TSLA,206,2315.43,PENDING
BOT_T169,TSLA,907,155.6,PENDING
BOT_T1807,TCS,187,1056.95,PENDING
BOT_T1808,GOOGL,546,1234.38,PENDING
BOT_T1809,RELIANCE,573,354.4,PENDING
BOT_T160,AAPL,300,2487.16,PENDING
BOT_T130,AAPL,241,779.78,PENDING
BOT_T131,GOOGL,167,1959.01,PENDING
BOT_T1810,AAPL,904,864.16,PENDING
BOT_T1811,GOOGL,562,976.17,PENDING
BOT_T134,GOOGL,973,367.07,PENDING
BOT_T1812,TCS,174,1756.99,PENDING
BOT_T135,GOOGL,612,2630.67,PENDING
BOT_T1813,TCS,568,1934.1,PENDING
BOT_T132,TCS,155,1673.15,PENDING
BOT_T1814,GOOGL,852,1439.98,PENDING
BOT_T133,AAPL,967,2652.19,PENDING
BOT_T1815,JPMC,980,574.55,PENDING
BOT_T138,TSLA,497,111.29,PENDING
BOT_T1816,JPMC,569,841.45,PENDING
BOT_T139,GOOGL,811,1746.39,PENDING
BOT_T1817,GOOGL,42,2762.12,PENDING
BOT_T136,GOOGL,671,1221.25,PENDING
BOT_T1818,RELIANCE,960,1520.98,PENDING
BOT_T137,TCS,670,477.35,PENDING
BOT_T1819,AAPL,539,1771.58,PENDING
BOT_T141,MSFT,854,1184.71,PENDING
BOT_T142,TCS,815,310.08,PENDING
BOT_T1820,TCS,504,659.77,PENDING
BOT_T1821,RELIANCE,788,1909.21,PENDING
BOT_T140,RELIANCE,238,1939.12,PENDING
BOT_T1822,TSLA,553,700.61,PENDING
BOT_T145,TSLA,550,186.86,PENDING
BOT_T1823,JPMC,338,2159.61,PENDING
BOT_T146,TSLA,439,2099.86,PENDING
BOT_T1824,TCS,981,197.28,PENDING
BOT_T143,MSFT,370,918.68,PENDING
BOT_T1825,TSLA,246,1993.57,PENDING
BOT_T144,RELIANCE,367,1624.69,PENDING
BOT_T1826,RELIANCE,19,2630.59,PENDING
BOT_T149,TCS,78,1360.42,PENDING
BOT_T1827,JPMC,566,156.61,PENDING
BOT_T1828,AAPL,949,2881.43,PENDING
BOT_T147,RELIANCE,431,476.52,PENDING
BOT_T1829,JPMC,761,712.42,PENDING
BOT_T148,TSLA,244,2179.64,PENDING
BOT_T592,TSLA,74,1136.6,PENDING
BOT_T1434,RELIANCE,815,2981.96,PENDING
BOT_T593,AAPL,44,118.19,PENDING
BOT_T1435,AAPL,848,374.52,PENDING
BOT_T590,TCS,773,868.26,PENDING
BOT_T1436,RELIANCE,744,149.72,PENDING
BOT_T591,AAPL,276,2639.98,PENDING
BOT_T1437,TSLA,195,1970.06,PENDING
BOT_T112,TCS,320,1552.05,PENDING
BOT_T596,TSLA,935,528.86,PENDING
BOT_T1438,TSLA,638,1940.57,PENDING
BOT_T113,RELIANCE,318,594.28,PENDING
BOT_T597,TCS,352,2496.56,PENDING
BOT_T1439,JPMC,393,1447.1,PENDING
BOT_T110,TCS,983,1648.14,PENDING
BOT_T594,RELIANCE,345,2148.42,PENDING
BOT_T111,RELIANCE,87,173.89,PENDING
BOT_T595,JPMC,397,2540.86,PENDING
BOT_T116,TCS,149,2248.33,PENDING
BOT_T117,JPMC,897,1328.71,PENDING
BOT_T114,GOOGL,658,2552.32,PENDING
BOT_T598,RELIANCE,288,1132.2,PENDING
BOT_T115,TSLA,839,1300.18,PENDING
BOT_T599,MSFT,441,1116.27,PENDING
BOT_T118,RELIANCE,436,2253.45,PENDING
BOT_T119,TCS,267,391.32,PENDING
BOT_T1440,AAPL,810,2533.64,PENDING
BOT_T1441,GOOGL,888,1451.43,PENDING
BOT_T1442,AAPL,630,2316.35,PENDING
BOT_T1443,RELIANCE,790,2367.17,PENDING
BOT_T1444,TCS,708,1159.38,PENDING
BOT_T1445,RELIANCE,997,1479.72,PENDING
BOT_T120,TCS,828,365.31,PENDING
BOT_T1446,TCS,544,2842.19,PENDING
BOT_T1447,TSLA,782,1856.13,PENDING
BOT_T1448,TSLA,834,2709.36,PENDING
BOT_T123,RELIANCE,739,1683.17,PENDING
BOT_T1449,TSLA,519,2288.86,PENDING
BOT_T124,GOOGL,156,2584.58,PENDING
BOT_T121,MSFT,72,469.19,PENDING
BOT_T122,TCS,40,1476.35,PENDING
BOT_T127,GOOGL,256,479.31,PENDING
BOT_T128,TCS,570,1379.85,PENDING
BOT_T125,TCS,107,1536.07,PENDING
BOT_T126,JPMC,595,1466.44,PENDING
BOT_T129,JPMC,559,1589.98,PENDING
BOT_T1450,AAPL,837,2674.15,PENDING
BOT_T1451,JPMC,161,746.54,PENDING
BOT_T1452,MSFT,659,1928.73,PENDING
BOT_T1453,JPMC,634,408.11,PENDING
BOT_T1454,RELIANCE,954,1222.57,PENDING
BOT_T1455,AAPL,955,1332.1,PENDING
BOT_T570,AAPL,100,251.43,PENDING
BOT_T1456,AAPL,778,2463.05,PENDING
BOT_T571,RELIANCE,496,1888.32,PENDING
BOT_T1457,RELIANCE,519,270.62,PENDING
BOT_T1458,JPMC,673,1686.81,PENDING
BOT_T1459,TSLA,299,1884.57,PENDING
BOT_T574,RELIANCE,452,2438.7,PENDING
BOT_T575,GOOGL,840,765.85,PENDING
BOT_T572,RELIANCE,251,2320.9,PENDING
BOT_T573,TSLA,190,2233.66,PENDING
BOT_T578,RELIANCE,619,1517.52,PENDING
BOT_T579,MSFT,871,2174.99,PENDING
BOT_T576,TCS,323,1926.97,PENDING
BOT_T577,GOOGL,286,1925.51,PENDING
BOT_T1460,AAPL,533,1665.65,PENDING
BOT_T1461,RELIANCE,217,1441.44,PENDING
BOT_T1462,TSLA,853,504.53,PENDING
BOT_T1463,TSLA,517,1928.7,PENDING
BOT_T1464,TSLA,427,2016.81,PENDING
BOT_T1465,AAPL,792,380.62,PENDING
BOT_T1466,TCS,648,584.13,PENDING
BOT_T581,RELIANCE,947,2604.58,PENDING
BOT_T1467,AAPL,273,397.79,PENDING
BOT_T582,RELIANCE,365,1762.26,PENDING
BOT_T1468,RELIANCE,467,2850.89,PENDING
BOT_T1469,JPMC,121,297.07,PENDING
BOT_T580,AAPL,624,252.58,PENDING
BOT_T585,RELIANCE,760,2519.66,PENDING
BOT_T101,JPMC,559,2974.37,PENDING
BOT_T102,GOOGL,194,1776.26,PENDING
BOT_T586,TSLA,449,2191.08,PENDING
BOT_T583,MSFT,141,1000.61,PENDING
BOT_T100,JPMC,527,464.4,PENDING
BOT_T584,RELIANCE,891,741.05,PENDING
BOT_T105,JPMC,634,1492.85,PENDING
BOT_T589,JPMC,377,2523.96,PENDING
BOT_T106,JPMC,503,2140.62,PENDING
BOT_T103,AAPL,166,757.2,PENDING
BOT_T587,TSLA,225,2404.15,PENDING
BOT_T104,TSLA,990,483.98,PENDING
BOT_T588,GOOGL,988,2652.83,PENDING
BOT_T109,TSLA,216,2120.58,PENDING
BOT_T107,TCS,986,2477.71,PENDING
BOT_T108,RELIANCE,140,613.65,PENDING
BOT_T1470,RELIANCE,171,1229.16,PENDING
BOT_T1471,GOOGL,514,803.0,PENDING
BOT_T1472,TSLA,363,2696.27,PENDING
BOT_T1473,GOOGL,661,1899.18,PENDING
BOT_T1474,JPMC,967,2392.46,PENDING
BOT_T1475,JPMC,321,1779.56,PENDING
BOT_T1476,RELIANCE,400,347.57,PENDING
BOT_T1477,MSFT,272,1517.79,PENDING
BOT_T1874,GOOGL,573,1421.66,PENDING
BOT_T1875,TSLA,610,1569.32,PENDING
BOT_T1876,AAPL,538,2677.84,PENDING
BOT_T1877,GOOGL,541,2953.51,PENDING
BOT_T552,TSLA,199,439.1,PENDING
BOT_T1878,RELIANCE,138,1938.63,PENDING
BOT_T553,TCS,525,1275.69,PENDING
BOT_T1879,GOOGL,600,532.36,PENDING
BOT_T550,RELIANCE,915,1343.45,PENDING
BOT_T551,RELIANCE,476,146.39,PENDING
BOT_T556,TCS,876,667.78,PENDING
BOT_T557,AAPL,587,2541.26,PENDING
BOT_T554,RELIANCE,369,321.79,PENDING
BOT_T555,RELIANCE,711,1995.04,PENDING
BOT_T558,JPMC,935,1262.76,PENDING
BOT_T559,MSFT,775,2939.81,PENDING
BOT_T1880,TCS,42,1918.75,PENDING
BOT_T1881,MSFT,131,1540.39,PENDING
BOT_T1882,AAPL,590,528.82,PENDING
BOT_T1883,JPMC,735,2850.58,PENDING
BOT_T1400,JPMC,89,768.06,PENDING
BOT_T1884,RELIANCE,988,1791.55,PENDING
BOT_T1401,TSLA,87,1495.89,PENDING
BOT_T1885,GOOGL,703,2482.92,PENDING
BOT_T560,TSLA,549,1209.81,PENDING
BOT_T1402,AAPL,464,2038.25,PENDING
BOT_T1886,RELIANCE,699,2475.77,PENDING
BOT_T1403,MSFT,251,1056.63,PENDING
BOT_T1887,TSLA,510,1342.95,PENDING
BOT_T1404,AAPL,705,391.98,PENDING
BOT_T1888,AAPL,262,1169.74,PENDING
BOT_T563,TSLA,273,2961.15,PENDING
BOT_T1405,TSLA,254,2470.65,PENDING
BOT_T1889,AAPL,183,1395.45,PENDING
BOT_T564,RELIANCE,670,2442.46,PENDING
BOT_T1406,MSFT,685,416.56,PENDING
BOT_T561,GOOGL,409,1818.61,PENDING
BOT_T1407,JPMC,311,2193.75,PENDING
BOT_T562,RELIANCE,44,360.85,PENDING
BOT_T1408,RELIANCE,756,2283.59,PENDING
BOT_T567,GOOGL,39,133.96,PENDING
BOT_T1409,RELIANCE,283,2643.67,PENDING
BOT_T568,JPMC,868,2120.39,PENDING
BOT_T565,GOOGL,628,640.53,PENDING
BOT_T566,MSFT,679,1927.04,PENDING
BOT_T569,AAPL,91,1587.94,PENDING
BOT_T1890,GOOGL,38,500.16,PENDING
BOT_T1891,AAPL,433,581.54,PENDING
BOT_T1892,RELIANCE,905,533.99,PENDING
BOT_T1893,TCS,627,2229.27,PENDING
BOT_T1410,AAPL,441,1924.16,PENDING
BOT_T1894,TSLA,163,163.42,PENDING
BOT_T1411,GOOGL,514,2500.87,PENDING
BOT_T1895,AAPL,77,823.7,PENDING
BOT_T1412,TSLA,784,586.24,PENDING
BOT_T1896,TCS,477,225.52,PENDING
BOT_T1413,GOOGL,625,2947.6,PENDING
BOT_T1897,JPMC,955,743.93,PENDING
BOT_T1414,TSLA,172,1277.0,PENDING
BOT_T1898,RELIANCE,163,1668.61,PENDING
BOT_T1415,MSFT,440,1279.11,PENDING
BOT_T1899,GOOGL,328,2523.51,PENDING
BOT_T530,MSFT,427,655.53,PENDING
BOT_T1416,RELIANCE,701,849.63,PENDING
BOT_T531,MSFT,987,763.03,PENDING
BOT_T1417,GOOGL,238,1534.5,PENDING
BOT_T1418,TSLA,921,666.47,PENDING
BOT_T1419,JPMC,961,657.4,PENDING
BOT_T534,TSLA,859,2604.99,PENDING
BOT_T535,AAPL,298,2616.15,PENDING
BOT_T532,AAPL,44,301.58,PENDING
BOT_T533,TSLA,119,1242.92,PENDING
BOT_T538,TCS,433,2573.19,PENDING
BOT_T539,RELIANCE,373,838.2,PENDING
BOT_T536,JPMC,296,1097.8,PENDING
BOT_T537,TSLA,653,1991.33,PENDING
BOT_T529,GOOGL,383,1576.31,PENDING
BOT_T1420,RELIANCE,698,2037.42,PENDING
BOT_T1421,TSLA,420,1040.99,PENDING
BOT_T1422,MSFT,577,2196.41,PENDING
BOT_T1423,TCS,668,1807.39,PENDING
BOT_T1424,AAPL,398,1942.8,PENDING
BOT_T1425,GOOGL,731,1116.74,PENDING
BOT_T1426,MSFT,224,2069.89,PENDING
BOT_T541,RELIANCE,804,521.38,PENDING
BOT_T1427,JPMC,380,115.13,PENDING
BOT_T542,RELIANCE,391,350.17,PENDING
BOT_T1428,MSFT,108,1670.5,PENDING
BOT_T1429,RELIANCE,166,1837.99,PENDING
BOT_T540,JPMC,772,2305.04,PENDING
BOT_T545,JPMC,241,1735.88,PENDING
BOT_T546,JPMC,935,917.58,PENDING
BOT_T543,RELIANCE,634,2037.23,PENDING
BOT_T544,JPMC,564,2546.67,PENDING
BOT_T549,JPMC,276,1146.84,PENDING
BOT_T547,JPMC,805,2539.55,PENDING
BOT_T548,GOOGL,455,2978.16,PENDING
BOT_T1430,MSFT,765,1971.87,PENDING
BOT_T1431,RELIANCE,100,450.21,PENDING
BOT_T1432,MSFT,583,2989.72,PENDING
BOT_T1433,JPMC,992,886.58,PENDING
BOT_T1159,MSFT,394,1371.8,PENDING
BOT_T992,MSFT,295,2069.98,PENDING
BOT_T993,AAPL,101,1645.95,PENDING
BOT_T990,TCS,633,2926.63,PENDING
BOT_T991,GOOGL,20,2353.59,PENDING
BOT_T512,JPMC,668,1512.44,PENDING
BOT_T996,AAPL,426,814.25,PENDING
BOT_T513,RELIANCE,324,2959.46,PENDING
BOT_T997,JPMC,757,913.02,PENDING
BOT_T510,TCS,753,1085.23,PENDING
BOT_T994,TSLA,220,1197.04,PENDING
BOT_T511,AAPL,498,562.95,PENDING
BOT_T995,JPMC,706,1422.92,PENDING
BOT_T516,GOOGL,857,2447.02,PENDING
BOT_T517,GOOGL,528,1431.09,PENDING
BOT_T514,GOOGL,501,1920.47,PENDING
BOT_T998,JPMC,544,1945.99,PENDING
BOT_T515,TSLA,963,164.35,PENDING
BOT_T999,JPMC,912,1193.58,PENDING
BOT_T509,RELIANCE,44,387.07,PENDING
BOT_T507,TCS,383,265.94,PENDING
BOT_T508,TSLA,599,2868.19,PENDING
BOT_T1160,JPMC,127,1584.43,PENDING
BOT_T1161,AAPL,29,1939.14,PENDING
BOT_T1162,MSFT,774,2506.03,PENDING
BOT_T1163,TSLA,843,1028.63,PENDING
BOT_T1164,GOOGL,891,2349.97,PENDING
BOT_T1165,MSFT,599,2691.74,PENDING
BOT_T1166,RELIANCE,541,1988.01,PENDING
BOT_T1167,MSFT,722,625.77,PENDING
BOT_T1168,TSLA,56,525.04,PENDING
BOT_T1169,TCS,138,1287.95,PENDING
BOT_T520,GOOGL,184,812.48,PENDING
BOT_T523,GOOGL,779,1196.85,PENDING
BOT_T524,JPMC,906,394.93,PENDING
BOT_T521,TCS,884,2807.41,PENDING
BOT_T522,MSFT,330,2142.46,PENDING
BOT_T527,RELIANCE,564,855.57,PENDING
BOT_T528,TSLA,908,2008.27,PENDING
BOT_T525,JPMC,148,2141.28,PENDING
BOT_T526,AAPL,887,2088.76,PENDING
BOT_T518,MSFT,751,2843.33,PENDING
BOT_T519,AAPL,161,1654.17,PENDING
BOT_T1170,JPMC,347,2433.78,PENDING
BOT_T1171,GOOGL,62,196.19,PENDING
BOT_T1172,TSLA,774,2282.01,PENDING
BOT_T1173,GOOGL,817,613.8,PENDING
BOT_T1174,JPMC,52,637.37,PENDING
BOT_T1175,GOOGL,169,1530.06,PENDING
BOT_T1176,RELIANCE,543,2316.96,PENDING
BOT_T1177,GOOGL,349,1172.06,PENDING
BOT_T1178,MSFT,199,2737.82,PENDING
BOT_T1179,RELIANCE,326,2487.16,PENDING
BOT_T970,TCS,63,1037.68,PENDING
BOT_T971,MSFT,258,972.07,PENDING
BOT_T974,TCS,620,1020.05,PENDING
BOT_T975,TCS,125,2991.17,PENDING
BOT_T972,TSLA,386,2503.13,PENDING
BOT_T973,TCS,623,453.39,PENDING
BOT_T978,TSLA,544,2885.71,PENDING
BOT_T979,TCS,939,2306.09,PENDING
BOT_T976,TSLA,652,2799.03,PENDING
BOT_T977,RELIANCE,294,301.43,PENDING
BOT_T969,GOOGL,701,2666.32,PENDING
BOT_T1180,JPMC,916,2835.43,PENDING
BOT_T1181,TSLA,542,546.76,PENDING
BOT_T1182,TSLA,860,2769.52,PENDING
BOT_T1183,GOOGL,24,293.06,PENDING
BOT_T1184,TSLA,43,1639.91,PENDING
BOT_T1185,TSLA,490,537.13,PENDING
BOT_T1186,AAPL,172,1775.15,PENDING
BOT_T1187,AAPL,265,2145.17,PENDING
BOT_T1188,MSFT,268,568.61,PENDING
BOT_T1189,JPMC,830,2293.1,PENDING
BOT_T981,TSLA,217,1749.61,PENDING
BOT_T982,RELIANCE,579,1671.62,PENDING
BOT_T980,RELIANCE,592,1832.63,PENDING
BOT_T501,TSLA,960,1708.64,PENDING
BOT_T985,TSLA,751,899.87,PENDING
BOT_T502,AAPL,784,2666.99,PENDING
BOT_T986,TCS,832,567.8,PENDING
BOT_T983,RELIANCE,965,895.59,PENDING
BOT_T500,JPMC,14,950.97,PENDING
BOT_T984,TSLA,109,734.71,PENDING
BOT_T505,MSFT,768,1086.71,PENDING
BOT_T989,JPMC,65,858.95,PENDING
BOT_T506,AAPL,958,726.79,PENDING
BOT_T503,RELIANCE,894,194.11,PENDING
BOT_T987,MSFT,707,1087.88,PENDING
BOT_T504,AAPL,838,2827.01,PENDING
BOT_T988,JPMC,562,1972.47,PENDING
BOT_T1190,MSFT,562,1030.36,PENDING
BOT_T1191,AAPL,507,477.22,PENDING
BOT_T1192,TSLA,335,1271.88,PENDING
BOT_T1193,MSFT,99,534.8,PENDING
BOT_T1194,MSFT,682,110.36,PENDING
BOT_T1195,RELIANCE,284,1952.23,PENDING
BOT_T1196,GOOGL,215,1930.62,PENDING
BOT_T1197,TSLA,491,2119.8,PENDING
BOT_T1198,JPMC,68,184.94,PENDING
BOT_T1199,RELIANCE,510,782.95,PENDING
BOT_T1115,TSLA,158,118.65,PENDING
BOT_T1599,TCS,791,1788.81,PENDING
BOT_T1116,TCS,985,2450.52,PENDING
BOT_T1117,AAPL,739,1465.61,PENDING
BOT_T1118,GOOGL,566,2095.41,PENDING
BOT_T1119,TSLA,998,809.25,PENDING
BOT_T952,RELIANCE,186,2373.12,PENDING
BOT_T953,MSFT,107,283.31,PENDING
BOT_T950,MSFT,615,1945.47,PENDING
BOT_T951,AAPL,242,2641.99,PENDING
BOT_T956,AAPL,29,521.51,PENDING
BOT_T957,AAPL,962,1537.03,PENDING
BOT_T954,MSFT,915,244.85,PENDING
BOT_T955,AAPL,985,103.26,PENDING
BOT_T949,GOOGL,405,813.18,PENDING
BOT_T947,TCS,706,523.77,PENDING
BOT_T948,MSFT,356,1864.61,PENDING
BOT_T1120,TCS,597,1481.13,PENDING
BOT_T1121,RELIANCE,313,792.44,PENDING
BOT_T1122,AAPL,274,274.79,PENDING
BOT_T1123,AAPL,290,1493.0,PENDING
BOT_T1124,TSLA,13,245.01,PENDING
BOT_T1125,JPMC,513,855.15,PENDING
BOT_T1126,RELIANCE,628,1011.01,PENDING
BOT_T1127,TSLA,242,1589.93,PENDING
BOT_T1128,TSLA,559,440.67,PENDING
BOT_T1129,GOOGL,775,859.78,PENDING
BOT_T960,RELIANCE,680,2223.49,PENDING
BOT_T963,GOOGL,65,777.03,PENDING
BOT_T964,AAPL,255,835.48,PENDING
BOT_T961,TSLA,906,2296.28,PENDING
BOT_T962,RELIANCE,836,2825.77,PENDING
BOT_T967,JPMC,331,2211.79,PENDING
BOT_T968,RELIANCE,108,1242.0,PENDING
BOT_T965,GOOGL,113,1176.97,PENDING
BOT_T966,TCS,497,1807.05,PENDING
BOT_T958,MSFT,513,2223.64,PENDING
BOT_T959,TSLA,961,490.33,PENDING
BOT_T1130,AAPL,250,137.52,PENDING
BOT_T1131,GOOGL,724,2895.51,PENDING
BOT_T1132,JPMC,181,2239.12,PENDING
BOT_T1133,GOOGL,207,1198.74,PENDING
BOT_T1134,TSLA,925,422.31,PENDING
BOT_T1135,RELIANCE,641,2168.05,PENDING
BOT_T1136,GOOGL,64,341.03,PENDING
BOT_T1137,TCS,53,617.65,PENDING
BOT_T1138,TCS,623,2408.99,PENDING
BOT_T1139,TSLA,570,2561.09,PENDING
BOT_T930,MSFT,697,847.31,PENDING
BOT_T931,TCS,14,626.8,PENDING
BOT_T934,JPMC,495,2761.04,PENDING
BOT_T935,RELIANCE,166,2596.13,PENDING
BOT_T932,RELIANCE,200,1960.25,PENDING
BOT_T933,TCS,416,2911.94,PENDING
BOT_T927,JPMC,388,374.05,PENDING
BOT_T928,JPMC,788,2731.55,PENDING
BOT_T925,AAPL,489,2374.26,PENDING
BOT_T926,TCS,720,1188.92,PENDING
BOT_T929,JPMC,277,1776.48,PENDING
BOT_T1140,TSLA,851,1896.51,PENDING
BOT_T1141,RELIANCE,775,2093.82,PENDING
BOT_T1142,TCS,941,895.97,PENDING
BOT_T1143,GOOGL,273,2287.85,PENDING
BOT_T1144,MSFT,877,2238.7,PENDING
BOT_T1145,MSFT,892,1283.23,PENDING
BOT_T1146,AAPL,489,1265.14,PENDING
BOT_T1147,MSFT,39,1046.31,PENDING
BOT_T1148,JPMC,868,2773.98,PENDING
BOT_T1149,MSFT,710,1384.45,PENDING
BOT_T941,AAPL,811,342.4,PENDING
BOT_T942,JPMC,267,475.35,PENDING
BOT_T940,TCS,504,2224.32,PENDING
BOT_T945,JPMC,96,373.71,PENDING
BOT_T946,JPMC,773,2648.53,PENDING
BOT_T943,RELIANCE,651,676.83,PENDING
BOT_T944,GOOGL,416,2005.38,PENDING
BOT_T938,GOOGL,210,702.79,PENDING
BOT_T939,JPMC,933,1270.1,PENDING
BOT_T936,MSFT,656,2532.6,PENDING
BOT_T937,TCS,472,2239.86,PENDING
BOT_T1150,AAPL,403,421.81,PENDING
BOT_T1151,TSLA,646,1991.74,PENDING
BOT_T1152,TSLA,696,2991.68,PENDING
BOT_T1153,GOOGL,233,2013.72,PENDING
BOT_T2000,TSLA,860,2918.4,PENDING
BOT_T1154,MSFT,875,2402.57,PENDING
BOT_T1155,GOOGL,166,747.91,PENDING
BOT_T1156,GOOGL,68,1233.54,PENDING
BOT_T1157,TSLA,859,752.21,PENDING
BOT_T1158,AAPL,991,1052.39,PENDING
BOT_T912,JPMC,343,2571.16,PENDING
BOT_T913,GOOGL,477,2390.05,PENDING
BOT_T910,RELIANCE,423,1248.95,PENDING
BOT_T911,TCS,262,1161.34,PENDING
BOT_T905,TSLA,915,2722.39,PENDING
BOT_T906,TCS,689,1474.5,PENDING
BOT_T903,MSFT,218,1013.58,PENDING
BOT_T904,JPMC,947,205.17,PENDING
BOT_T909,TSLA,541,1720.38,PENDING
BOT_T907,JPMC,726,1433.63,PENDING
BOT_T908,RELIANCE,916,2061.84,PENDING
BOT_T920,AAPL,328,839.72,PENDING
BOT_T923,AAPL,114,2685.03,PENDING
BOT_T924,AAPL,287,1485.71,PENDING
BOT_T921,AAPL,795,2165.6,PENDING
BOT_T922,JPMC,71,404.88,PENDING
BOT_T916,TCS,719,1776.83,PENDING
BOT_T917,TSLA,650,2559.13,PENDING
BOT_T914,AAPL,265,2934.75,PENDING
BOT_T915,TCS,949,1364.16,PENDING
BOT_T918,JPMC,440,1694.3,PENDING
BOT_T919,GOOGL,928,1577.31,PENDING
T100,GOOGLE,200,150.0,EXECUTED
BOT_T901,RELIANCE,36,1891.79,PENDING
BOT_T902,GOOGL,988,1627.12,PENDING
BOT_T900,TSLA,462,900.97,PENDING
BOT_T1951,RELIANCE,412,1325.3,PENDING
BOT_T1952,GOOGL,506,2556.41,PENDING
BOT_T1953,TSLA,822,2630.46,PENDING
BOT_T1954,JPMC,544,2521.89,PENDING
BOT_T1955,TCS,553,2977.3,PENDING
BOT_T1956,RELIANCE,244,2602.86,PENDING
BOT_T1957,AAPL,546,1379.49,PENDING
BOT_T1958,MSFT,517,2740.8,PENDING
BOT_T1959,TCS,792,1601.72,PENDING
BOT_T1960,RELIANCE,75,2026.43,PENDING
BOT_T1961,RELIANCE,823,1713.72,PENDING
BOT_T1962,MSFT,796,604.64,PENDING
BOT_T1963,JPMC,762,2632.71,PENDING
BOT_T1964,TSLA,71,1969.63,PENDING
BOT_T1965,MSFT,49,452.82,PENDING
BOT_T1966,TSLA,610,1443.3,PENDING
BOT_T1967,TSLA,184,2376.78,PENDING
BOT_T1968,JPMC,944,517.66,PENDING
BOT_T1969,TCS,191,2933.12,PENDING
BOT_T1970,TCS,741,2010.84,PENDING
BOT_T1971,AAPL,655,256.13,PENDING
BOT_T1972,RELIANCE,970,2380.25,PENDING
BOT_T1973,MSFT,827,889.39,PENDING
BOT_T1974,JPMC,476,1108.09,PENDING
BOT_T1975,TSLA,626,964.29,PENDING
BOT_T1976,TCS,440,1017.08,PENDING
BOT_T1977,JPMC,817,465.42,PENDING
BOT_T1978,RELIANCE,456,196.6,PENDING
BOT_T1979,JPMC,958,2318.93,PENDING
BOT_T1980,AAPL,881,1860.94,PENDING
BOT_T1981,TSLA,251,934.27,PENDING
BOT_T1982,TSLA,54,1992.62,PENDING
BOT_T1983,TCS,999,2331.91,PENDING
BOT_T1500,TSLA,392,1344.0,PENDING
BOT_T1984,TCS,318,1104.85,PENDING
BOT_T1501,RELIANCE,882,455.59,PENDING
BOT_T1985,AAPL,649,2093.38,PENDING
BOT_T1502,RELIANCE,339,1690.94,PENDING
BOT_T1986,JPMC,212,1144.38,PENDING
BOT_T1503,JPMC,550,1843.53,PENDING
BOT_T1987,RELIANCE,175,1740.73,PENDING
BOT_T1504,TCS,337,2162.79,PENDING
BOT_T1988,RELIANCE,373,2303.68,PENDING
BOT_T1505,MSFT,305,2382.87,PENDING
BOT_T1989,AAPL,450,2243.11,PENDING
BOT_T1506,MSFT,428,1892.92,PENDING
BOT_T1507,RELIANCE,486,925.11,PENDING
BOT_T1508,MSFT,179,2133.95,PENDING
BOT_T1509,RELIANCE,128,1437.26,PENDING
BOT_T1990,MSFT,806,2425.55,PENDING
BOT_T1991,GOOGL,408,698.23,PENDING
BOT_T1992,JPMC,343,2591.74,PENDING
BOT_T1993,RELIANCE,418,265.25,PENDING
BOT_T1510,MSFT,740,2949.29,PENDING
BOT_T1994,RELIANCE,531,304.43,PENDING
BOT_T1910,AAPL,816,1197.24,PENDING
BOT_T1911,GOOGL,691,2899.67,PENDING
BOT_T1912,TSLA,481,321.62,PENDING
BOT_T1913,AAPL,699,2137.43,PENDING
BOT_T1914,TCS,865,1627.82,PENDING
BOT_T1915,AAPL,201,2454.48,PENDING
BOT_T1916,AAPL,583,265.61,PENDING
BOT_T1917,TCS,433,692.78,PENDING
BOT_T1918,MSFT,298,2236.48,PENDING
BOT_T1919,MSFT,554,2985.07,PENDING
BOT_T1920,GOOGL,55,1834.3,PENDING
BOT_T1921,MSFT,20,361.33,PENDING
BOT_T1922,JPMC,252,2024.94,PENDING
BOT_T1923,TCS,520,345.03,PENDING
BOT_T1924,MSFT,785,1541.93,PENDING
BOT_T1925,RELIANCE,913,2043.63,PENDING
BOT_T1926,RELIANCE,29,554.4,PENDING
BOT_T1927,RELIANCE,610,2803.07,PENDING
BOT_T1928,RELIANCE,731,106.02,PENDING
BOT_T1929,AAPL,547,608.07,PENDING
BOT_T493,JPMC,522,1371.55,PENDING
BOT_T494,TSLA,525,1172.55,PENDING
BOT_T1930,AAPL,980,2274.63,PENDING
BOT_T491,AAPL,693,2683.45,PENDING
BOT_T1931,MSFT,302,1162.42,PENDING
BOT_T492,TSLA,970,284.54,PENDING
BOT_T1932,MSFT,699,865.02,PENDING
BOT_T497,AAPL,951,2442.74,PENDING
BOT_T1933,AAPL,159,1019.58,PENDING
BOT_T498,RELIANCE,208,130.56,PENDING
BOT_T1934,TCS,292,1157.71,PENDING
BOT_T495,RELIANCE,758,2102.15,PENDING
BOT_T1935,TSLA,162,927.25,PENDING
BOT_T496,GOOGL,806,1672.53,PENDING
BOT_T1936,GOOGL,262,1454.89,PENDING
BOT_T1937,RELIANCE,302,2756.64,PENDING
BOT_T1938,RELIANCE,692,1841.83,PENDING
BOT_T499,JPMC,646,1584.63,PENDING
BOT_T1939,MSFT,530,150.74,PENDING
BOT_T490,TCS,686,2550.8,PENDING
BOT_T1940,GOOGL,316,2118.81,PENDING
BOT_T1941,RELIANCE,842,545.52,PENDING
BOT_T1942,TCS,181,2954.55,PENDING
BOT_T1943,RELIANCE,669,594.37,PENDING
BOT_T1944,AAPL,846,2821.23,PENDING
BOT_T1945,RELIANCE,879,889.26,PENDING
BOT_T1946,MSFT,29,375.36,PENDING
BOT_T1947,AAPL,501,620.2,PENDING
BOT_T1948,TCS,554,2298.96,PENDING
BOT_T1949,MSFT,739,747.88,PENDING
BOT_T1950,TSLA,534,516.56,PENDING
BOT_T471,TSLA,883,1790.33,PENDING
BOT_T1555,AAPL,334,1464.14,PENDING
BOT_T472,GOOGL,248,1753.26,PENDING
BOT_T1556,AAPL,552,2772.83,PENDING
BOT_T1557,MSFT,348,2881.97,PENDING
BOT_T470,JPMC,731,2806.65,PENDING
BOT_T1558,MSFT,366,2837.37,PENDING
BOT_T475,MSFT,458,377.65,PENDING
BOT_T1559,JPMC,952,537.59,PENDING
BOT_T476,JPMC,485,2453.35,PENDING
BOT_T473,MSFT,55,2785.85,PENDING
BOT_T474,GOOGL,980,220.44,PENDING
BOT_T479,GOOGL,92,2675.38,PENDING
BOT_T477,RELIANCE,40,1838.3,PENDING
BOT_T478,MSFT,894,492.11,PENDING
BOT_T1560,TCS,930,2751.31,PENDING
BOT_T1561,JPMC,572,1519.9,PENDING
BOT_T1562,RELIANCE,392,2697.29,PENDING
BOT_T1563,TSLA,213,906.51,PENDING
BOT_T1564,GOOGL,501,2112.74,PENDING
BOT_T1565,JPMC,956,346.19,PENDING
BOT_T482,JPMC,771,745.31,PENDING
BOT_T1566,GOOGL,679,113.56,PENDING
BOT_T483,JPMC,353,1056.49,PENDING
BOT_T1567,GOOGL,103,2896.24,PENDING
BOT_T480,GOOGL,486,1847.36,PENDING
BOT_T1568,GOOGL,524,1109.97,PENDING
BOT_T481,RELIANCE,158,737.06,PENDING
BOT_T1569,GOOGL,689,669.69,PENDING
BOT_T486,TSLA,18,1990.69,PENDING
BOT_T487,MSFT,792,1533.41,PENDING
BOT_T484,GOOGL,793,2953.77,PENDING
BOT_T485,MSFT,594,101.77,PENDING
BOT_T488,AAPL,689,1140.55,PENDING
BOT_T489,TCS,313,2545.44,PENDING
BOT_T1570,RELIANCE,785,1398.09,PENDING
BOT_T1571,TSLA,180,2105.35,PENDING
BOT_T1572,RELIANCE,541,2501.49,PENDING
BOT_T1573,TSLA,546,2917.89,PENDING
BOT_T1574,JPMC,212,1877.8,PENDING
BOT_T1575,TCS,161,1646.79,PENDING
BOT_T1576,JPMC,937,642.83,PENDING
BOT_T1577,GOOGL,13,836.27,PENDING
BOT_T450,TCS,318,758.31,PENDING
BOT_T1578,TSLA,333,1079.81,PENDING
BOT_T1579,TCS,570,1423.71,PENDING
BOT_T453,GOOGL,884,422.25,PENDING
BOT_T454,RELIANCE,868,798.61,PENDING
BOT_T451,JPMC,819,901.59,PENDING
BOT_T452,MSFT,805,197.32,PENDING
BOT_T457,MSFT,851,1889.54,PENDING
BOT_T458,GOOGL,188,900.81,PENDING
BOT_T455,TSLA,374,2720.9,PENDING
BOT_T456,MSFT,223,909.78,PENDING
BOT_T459,JPMC,686,2425.51,PENDING
BOT_T1580,RELIANCE,345,1214.07,PENDING
BOT_T1581,JPMC,536,2276.79,PENDING
BOT_T1582,RELIANCE,425,426.6,PENDING
BOT_T1583,GOOGL,283,1973.84,PENDING
BOT_T1100,RELIANCE,113,515.43,PENDING
BOT_T1584,TSLA,619,1026.85,PENDING
BOT_T1101,GOOGL,69,297.31,PENDING
BOT_T1585,TCS,549,402.59,PENDING
BOT_T1102,RELIANCE,423,823.78,PENDING
BOT_T1586,AAPL,545,102.94,PENDING
BOT_T1103,GOOGL,401,1437.08,PENDING
BOT_T1587,TCS,183,2310.73,PENDING
BOT_T1104,RELIANCE,60,222.2,PENDING
BOT_T460,AAPL,661,2629.7,PENDING
BOT_T1588,JPMC,918,672.45,PENDING
BOT_T1105,AAPL,714,633.28,PENDING
BOT_T461,MSFT,496,2359.82,PENDING
BOT_T1589,RELIANCE,243,2358.46,PENDING
BOT_T1106,JPMC,538,2654.36,PENDING
BOT_T1107,MSFT,756,1851.36,PENDING
BOT_T464,TSLA,17,802.99,PENDING
BOT_T1108,RELIANCE,977,1174.43,PENDING
BOT_T465,RELIANCE,126,1466.14,PENDING
BOT_T1109,JPMC,585,1475.54,PENDING
BOT_T462,AAPL,69,2165.53,PENDING
BOT_T463,RELIANCE,233,1556.56,PENDING
BOT_T468,TCS,933,1113.41,PENDING
BOT_T469,AAPL,817,1151.48,PENDING
BOT_T466,TSLA,558,2996.32,PENDING
BOT_T467,TCS,610,222.08,PENDING
BOT_T1590,GOOGL,543,1997.34,PENDING
BOT_T1591,TSLA,264,2858.57,PENDING
BOT_T1592,JPMC,704,2577.6,PENDING
BOT_T1593,GOOGL,110,1801.71,PENDING
BOT_T1110,TSLA,36,1165.92,PENDING
BOT_T1594,RELIANCE,137,356.82,PENDING
BOT_T1111,MSFT,307,246.98,PENDING
BOT_T1595,RELIANCE,338,581.34,PENDING
BOT_T1112,JPMC,615,2513.17,PENDING
BOT_T1596,TCS,475,1581.57,PENDING
BOT_T1113,TSLA,929,427.24,PENDING
BOT_T1597,TSLA,336,2562.54,PENDING
BOT_T1114,TCS,855,2869.26,PENDING
BOT_T1598,TCS,587,1421.92,PENDING
BOT_T1511,RELIANCE,679,2878.59,PENDING
BOT_T1995,MSFT,493,1634.4,PENDING
BOT_T1512,GOOGL,512,516.11,PENDING
BOT_T1996,TSLA,272,831.68,PENDING
BOT_T1513,GOOGL,865,123.76,PENDING
BOT_T1997,TCS,799,2111.81,PENDING
BOT_T1514,GOOGL,235,130.63,PENDING
BOT_T1998,AAPL,792,2962.37,PENDING
BOT_T431,GOOGL,93,2045.79,PENDING
BOT_T1515,JPMC,896,2542.61,PENDING
BOT_T1999,MSFT,743,2035.18,PENDING
BOT_T432,JPMC,897,2838.73,PENDING
BOT_T1516,JPMC,97,1990.78,PENDING
BOT_T1517,MSFT,341,127.51,PENDING
BOT_T430,RELIANCE,14,239.7,PENDING
BOT_T1518,TSLA,152,753.38,PENDING
BOT_T435,GOOGL,126,2032.09,PENDING
BOT_T1519,TSLA,936,413.16,PENDING
BOT_T436,RELIANCE,948,844.82,PENDING
BOT_T433,RELIANCE,389,964.85,PENDING
BOT_T434,RELIANCE,382,743.33,PENDING
BOT_T439,TSLA,840,2885.92,PENDING
BOT_T437,JPMC,21,1682.05,PENDING
BOT_T438,TSLA,938,2242.23,PENDING
BOT_T1520,TCS,122,577.94,PENDING
BOT_T1521,RELIANCE,243,2304.4,PENDING
BOT_T1522,AAPL,84,1844.35,PENDING
BOT_T1523,AAPL,430,2548.32,PENDING
BOT_T1524,JPMC,529,1144.25,PENDING
BOT_T1525,TCS,314,2870.51,PENDING
BOT_T442,GOOGL,305,2389.68,PENDING
BOT_T1526,JPMC,469,2620.14,PENDING
BOT_T443,GOOGL,276,1522.83,PENDING
BOT_T1527,RELIANCE,174,1630.67,PENDING
BOT_T440,JPMC,592,2530.46,PENDING
BOT_T1528,GOOGL,74,2725.35,PENDING
BOT_T441,RELIANCE,142,1412.52,PENDING
BOT_T1529,JPMC,742,2093.11,PENDING
BOT_T446,MSFT,109,430.89,PENDING
BOT_T447,AAPL,543,1688.21,PENDING
BOT_T444,TSLA,99,1130.64,PENDING
BOT_T445,JPMC,322,2135.78,PENDING
BOT_T448,TCS,934,2903.76,PENDING
BOT_T449,MSFT,977,204.62,PENDING
BOT_T1530,TCS,412,1728.49,PENDING
BOT_T1531,TCS,381,1835.11,PENDING
BOT_T1532,RELIANCE,692,386.04,PENDING
BOT_T1533,TCS,183,800.79,PENDING
BOT_T890,AAPL,69,385.29,PENDING
BOT_T1534,JPMC,910,1422.77,PENDING
BOT_T1535,GOOGL,916,231.88,PENDING
BOT_T1536,MSFT,598,950.87,PENDING
BOT_T893,MSFT,477,2409.53,PENDING
BOT_T1537,MSFT,520,2261.86,PENDING
BOT_T410,TCS,946,490.15,PENDING
BOT_T894,JPMC,914,2189.94,PENDING
BOT_T1538,RELIANCE,865,1904.43,PENDING
BOT_T891,TCS,182,1306.93,PENDING
BOT_T1539,AAPL,228,2927.61,PENDING
BOT_T892,MSFT,523,2509.56,PENDING
BOT_T413,TSLA,214,377.62,PENDING
BOT_T897,GOOGL,450,1409.81,PENDING
BOT_T414,AAPL,942,1006.97,PENDING
BOT_T898,MSFT,719,2809.31,PENDING
BOT_T411,TCS,499,2187.13,PENDING
BOT_T895,AAPL,839,1960.52,PENDING
BOT_T412,TCS,66,1707.99,PENDING
BOT_T896,AAPL,120,773.31,PENDING
BOT_T417,TSLA,97,1447.17,PENDING
BOT_T418,AAPL,533,1456.17,PENDING
BOT_T415,AAPL,983,2774.06,PENDING
BOT_T899,JPMC,606,1179.81,PENDING
BOT_T416,RELIANCE,390,1163.26,PENDING
BOT_T408,JPMC,906,396.47,PENDING
BOT_T409,MSFT,721,1992.81,PENDING
BOT_T1540,JPMC,541,847.11,PENDING
BOT_T1541,TSLA,131,965.98,PENDING
BOT_T1542,TSLA,369,1809.85,PENDING
BOT_T1543,JPMC,11,1308.82,PENDING
BOT_T1544,TCS,359,269.54,PENDING
BOT_T1545,TSLA,402,464.66,PENDING
BOT_T1546,MSFT,275,1620.01,PENDING
BOT_T1547,TCS,725,1063.91,PENDING
BOT_T420,MSFT,320,2313.69,PENDING
BOT_T1548,AAPL,242,2923.3,PENDING
BOT_T421,MSFT,893,1225.11,PENDING
BOT_T1549,TCS,923,288.62,PENDING
BOT_T424,JPMC,892,397.83,PENDING
BOT_T425,GOOGL,105,2172.12,PENDING
BOT_T422,AAPL,998,2467.39,PENDING
BOT_T423,JPMC,138,925.78,PENDING
BOT_T428,RELIANCE,625,1575.79,PENDING
BOT_T429,RELIANCE,828,1803.48,PENDING
BOT_T426,RELIANCE,415,1083.76,PENDING
BOT_T427,RELIANCE,183,312.36,PENDING
BOT_T419,TSLA,122,1529.79,PENDING
BOT_T1550,MSFT,369,1695.25,PENDING
BOT_T1551,AAPL,691,1383.11,PENDING
BOT_T1552,MSFT,496,1289.25,PENDING
BOT_T1553,JPMC,853,2875.24,PENDING
BOT_T1554,TCS,418,1892.86,PENDING
T99,NVIDIA,50,900.5,PENDING
T99,NVIDIA,50,900.5,PENDING
T99,NVIDIA,50,900.5,PENDING
T99,NVIDIA,50,900.5,PENDING
T100,NVIDIA,50,900.0,PENDING
T100,NVIDIA,50,900.0,PENDING
T100,NVIDIA,50,900.0,PENDING
T100,NVIDIA,50,900.0,PENDING
T100,NVIDIA,50,900.0,PENDING
T100,NVIDIA,50,900.0,PENDING
T101,NVIDIA,10,910.0,EXECUTED
T102,NVIDIA,5,895.0,PENDING
T105,AAPL,100,150.0,PENDING
T105,AAPL,100,150.0,PENDING
T105,AAPL,100,150.0,PENDING
T105,AAPL,100,150.0,PENDING
T105,AAPL,100,150.0,PENDING
T105,AAPL,100,150.0,PENDING
T105,AAPL,100,150.0,PENDING
T105,AAPL,100,150.0,PENDING
T105,AAPL,100,150.0,PENDING
T105,AAPL,100,150.0,PENDING
T105,AAPL,100,150.0,PENDING
T105,AAPL,100,150.0,PENDING
T105,AAPL,100,150.0,PENDING
T105,AAPL,100,150.0,PENDING
T105,AAPL,100,150.0,PENDING
T105,AAPL,100,150.0,PENDING
T105,AAPL,100,150.0,PENDING
T105,AAPL,100,150.0,PENDING
T105,AAPL,100,150.0,PENDING
T105,AAPL,100,150.0,PENDING
T105,AAPL,100,150.0,PENDING
T105,AAPL,100,150.0,PENDING
T105,AAPL,100,150.0,PENDING
T105,AAPL,100,150.0,PENDING
T105,AAPL,100,150.0,PENDING
T105,AAPL,100,150.0,PENDING
T105,AAPL,100,150.0,PENDING
T105,AAPL,100,150.0,PENDING
T105,AAPL,100,150.0,PENDING
T105,AAPL,100,150.0,PENDING
T105,AAPL,100,150.0,PENDING
T105,AAPL,100,150.0,PENDING
T105,AAPL,100,150.0,PENDING
T105,AAPL,100,150.0,PENDING
T105,AAPL,100,150.0,PENDING
T105,AAPL,100,150.0,PENDING
T105,AAPL,100,150.0,PENDING
T105,AAPL,100,150.0,PENDING
T105,AAPL,100,150.0,PENDING
T105,AAPL,100,150.0,PENDING
T105,AAPL,100,150.0,PENDING
T105,AAPL,100,150.0,PENDING
T105,AAPL,100,150.0,PENDING
T105,AAPL,100,150.0,PENDING
T105,AAPL,100,150.0,PENDING
T105,AAPL,100,150.0,PENDING
T105,AAPL,100,150.0,PENDING
T105,AAPL,100,150.0,PENDING
T105,AAPL,100,150.0,PENDING
T105,AAPL,100,150.0,PENDING
T105,AAPL,100,150.0,PENDING
T105,AAPL,100,150.0,PENDING
T105,AAPL,100,150.0,PENDING
T105,AAPL,100,150.0,PENDING
